[2021-06-07 09:44:53] production.ERROR: Command "verse" is not defined. {"exception":"[object] (Symfony\\Component\\Console\\Exception\\CommandNotFoundException(code: 0): Command \"verse\" is not defined. at /Users/Esmeralda/Desktop/Schoolwerk/9amo_04/vendor/symfony/console/Application.php:675)
[stacktrace]
#0 /Users/Esmeralda/Desktop/Schoolwerk/9amo_04/vendor/symfony/console/Application.php(254): Symfony\\Component\\Console\\Application->find('verse')
#1 /Users/Esmeralda/Desktop/Schoolwerk/9amo_04/vendor/symfony/console/Application.php(166): Symfony\\Component\\Console\\Application->doRun(Object(Symfony\\Component\\Console\\Input\\ArgvInput), Object(Symfony\\Component\\Console\\Output\\ConsoleOutput))
#2 /Users/Esmeralda/Desktop/Schoolwerk/9amo_04/vendor/laravel/framework/src/Illuminate/Console/Application.php(93): Symfony\\Component\\Console\\Application->run(Object(Symfony\\Component\\Console\\Input\\ArgvInput), Object(Symfony\\Component\\Console\\Output\\ConsoleOutput))
#3 /Users/Esmeralda/Desktop/Schoolwerk/9amo_04/vendor/laravel/framework/src/Illuminate/Foundation/Console/Kernel.php(129): Illuminate\\Console\\Application->run(Object(Symfony\\Component\\Console\\Input\\ArgvInput), Object(Symfony\\Component\\Console\\Output\\ConsoleOutput))
#4 /Users/Esmeralda/Desktop/Schoolwerk/9amo_04/artisan(37): Illuminate\\Foundation\\Console\\Kernel->handle(Object(Symfony\\Component\\Console\\Input\\ArgvInput), Object(Symfony\\Component\\Console\\Output\\ConsoleOutput))
#5 {main}
"} 
[2021-06-07 09:46:06] production.ERROR: No application encryption key has been specified. {"exception":"[object] (RuntimeException(code: 0): No application encryption key has been specified. at /Users/Esmeralda/Desktop/Schoolwerk/9amo_04/vendor/laravel/framework/src/Illuminate/Encryption/EncryptionServiceProvider.php:80)
[stacktrace]
#0 /Users/Esmeralda/Desktop/Schoolwerk/9amo_04/vendor/laravel/framework/src/Illuminate/Support/helpers.php(433): Illuminate\\Encryption\\EncryptionServiceProvider->Illuminate\\Encryption\\{closure}(NULL)
#1 /Users/Esmeralda/Desktop/Schoolwerk/9amo_04/vendor/laravel/framework/src/Illuminate/Encryption/EncryptionServiceProvider.php(84): tap(NULL, Object(Closure))
#2 /Users/Esmeralda/Desktop/Schoolwerk/9amo_04/vendor/laravel/framework/src/Illuminate/Encryption/EncryptionServiceProvider.php(61): Illuminate\\Encryption\\EncryptionServiceProvider->key(Array)
#3 /Users/Esmeralda/Desktop/Schoolwerk/9amo_04/vendor/laravel/framework/src/Illuminate/Encryption/EncryptionServiceProvider.php(33): Illuminate\\Encryption\\EncryptionServiceProvider->parseKey(Array)
#4 /Users/Esmeralda/Desktop/Schoolwerk/9amo_04/vendor/laravel/framework/src/Illuminate/Container/Container.php(805): Illuminate\\Encryption\\EncryptionServiceProvider->Illuminate\\Encryption\\{closure}(Object(Illuminate\\Foundation\\Application), Array)
#5 /Users/Esmeralda/Desktop/Schoolwerk/9amo_04/vendor/laravel/framework/src/Illuminate/Container/Container.php(691): Illuminate\\Container\\Container->build(Object(Closure))
#6 /Users/Esmeralda/Desktop/Schoolwerk/9amo_04/vendor/laravel/framework/src/Illuminate/Foundation/Application.php(796): Illuminate\\Container\\Container->resolve('encrypter', Array, true)
#7 /Users/Esmeralda/Desktop/Schoolwerk/9amo_04/vendor/laravel/framework/src/Illuminate/Container/Container.php(637): Illuminate\\Foundation\\Application->resolve('encrypter', Array)
#8 /Users/Esmeralda/Desktop/Schoolwerk/9amo_04/vendor/laravel/framework/src/Illuminate/Foundation/Application.php(781): Illuminate\\Container\\Container->make('encrypter', Array)
#9 /Users/Esmeralda/Desktop/Schoolwerk/9amo_04/vendor/laravel/framework/src/Illuminate/Container/Container.php(959): Illuminate\\Foundation\\Application->make('encrypter')
#10 /Users/Esmeralda/Desktop/Schoolwerk/9amo_04/vendor/laravel/framework/src/Illuminate/Container/Container.php(879): Illuminate\\Container\\Container->resolveClass(Object(ReflectionParameter))
#11 /Users/Esmeralda/Desktop/Schoolwerk/9amo_04/vendor/laravel/framework/src/Illuminate/Container/Container.php(840): Illuminate\\Container\\Container->resolveDependencies(Array)
#12 /Users/Esmeralda/Desktop/Schoolwerk/9amo_04/vendor/laravel/framework/src/Illuminate/Container/Container.php(691): Illuminate\\Container\\Container->build('App\\\\Http\\\\Middle...')
#13 /Users/Esmeralda/Desktop/Schoolwerk/9amo_04/vendor/laravel/framework/src/Illuminate/Foundation/Application.php(796): Illuminate\\Container\\Container->resolve('App\\\\Http\\\\Middle...', Array, true)
#14 /Users/Esmeralda/Desktop/Schoolwerk/9amo_04/vendor/laravel/framework/src/Illuminate/Container/Container.php(637): Illuminate\\Foundation\\Application->resolve('App\\\\Http\\\\Middle...', Array)
#15 /Users/Esmeralda/Desktop/Schoolwerk/9amo_04/vendor/laravel/framework/src/Illuminate/Foundation/Application.php(781): Illuminate\\Container\\Container->make('App\\\\Http\\\\Middle...', Array)
#16 /Users/Esmeralda/Desktop/Schoolwerk/9amo_04/vendor/laravel/framework/src/Illuminate/Pipeline/Pipeline.php(156): Illuminate\\Foundation\\Application->make('App\\\\Http\\\\Middle...')
#17 /Users/Esmeralda/Desktop/Schoolwerk/9amo_04/vendor/laravel/framework/src/Illuminate/Pipeline/Pipeline.php(103): Illuminate\\Pipeline\\Pipeline->Illuminate\\Pipeline\\{closure}(Object(Illuminate\\Http\\Request))
#18 /Users/Esmeralda/Desktop/Schoolwerk/9amo_04/vendor/laravel/framework/src/Illuminate/Routing/Router.php(687): Illuminate\\Pipeline\\Pipeline->then(Object(Closure))
#19 /Users/Esmeralda/Desktop/Schoolwerk/9amo_04/vendor/laravel/framework/src/Illuminate/Routing/Router.php(662): Illuminate\\Routing\\Router->runRouteWithinStack(Object(Illuminate\\Routing\\Route), Object(Illuminate\\Http\\Request))
#20 /Users/Esmeralda/Desktop/Schoolwerk/9amo_04/vendor/laravel/framework/src/Illuminate/Routing/Router.php(628): Illuminate\\Routing\\Router->runRoute(Object(Illuminate\\Http\\Request), Object(Illuminate\\Routing\\Route))
#21 /Users/Esmeralda/Desktop/Schoolwerk/9amo_04/vendor/laravel/framework/src/Illuminate/Routing/Router.php(617): Illuminate\\Routing\\Router->dispatchToRoute(Object(Illuminate\\Http\\Request))
#22 /Users/Esmeralda/Desktop/Schoolwerk/9amo_04/vendor/laravel/framework/src/Illuminate/Foundation/Http/Kernel.php(165): Illuminate\\Routing\\Router->dispatch(Object(Illuminate\\Http\\Request))
#23 /Users/Esmeralda/Desktop/Schoolwerk/9amo_04/vendor/laravel/framework/src/Illuminate/Pipeline/Pipeline.php(128): Illuminate\\Foundation\\Http\\Kernel->Illuminate\\Foundation\\Http\\{closure}(Object(Illuminate\\Http\\Request))
#24 /Users/Esmeralda/Desktop/Schoolwerk/9amo_04/vendor/laravel/framework/src/Illuminate/Foundation/Http/Middleware/TransformsRequest.php(21): Illuminate\\Pipeline\\Pipeline->Illuminate\\Pipeline\\{closure}(Object(Illuminate\\Http\\Request))
#25 /Users/Esmeralda/Desktop/Schoolwerk/9amo_04/vendor/laravel/framework/src/Illuminate/Pipeline/Pipeline.php(167): Illuminate\\Foundation\\Http\\Middleware\\TransformsRequest->handle(Object(Illuminate\\Http\\Request), Object(Closure))
#26 /Users/Esmeralda/Desktop/Schoolwerk/9amo_04/vendor/laravel/framework/src/Illuminate/Foundation/Http/Middleware/TransformsRequest.php(21): Illuminate\\Pipeline\\Pipeline->Illuminate\\Pipeline\\{closure}(Object(Illuminate\\Http\\Request))
#27 /Users/Esmeralda/Desktop/Schoolwerk/9amo_04/vendor/laravel/framework/src/Illuminate/Pipeline/Pipeline.php(167): Illuminate\\Foundation\\Http\\Middleware\\TransformsRequest->handle(Object(Illuminate\\Http\\Request), Object(Closure))
#28 /Users/Esmeralda/Desktop/Schoolwerk/9amo_04/vendor/laravel/framework/src/Illuminate/Foundation/Http/Middleware/ValidatePostSize.php(27): Illuminate\\Pipeline\\Pipeline->Illuminate\\Pipeline\\{closure}(Object(Illuminate\\Http\\Request))
#29 /Users/Esmeralda/Desktop/Schoolwerk/9amo_04/vendor/laravel/framework/src/Illuminate/Pipeline/Pipeline.php(167): Illuminate\\Foundation\\Http\\Middleware\\ValidatePostSize->handle(Object(Illuminate\\Http\\Request), Object(Closure))
#30 /Users/Esmeralda/Desktop/Schoolwerk/9amo_04/vendor/laravel/framework/src/Illuminate/Foundation/Http/Middleware/CheckForMaintenanceMode.php(63): Illuminate\\Pipeline\\Pipeline->Illuminate\\Pipeline\\{closure}(Object(Illuminate\\Http\\Request))
#31 /Users/Esmeralda/Desktop/Schoolwerk/9amo_04/vendor/laravel/framework/src/Illuminate/Pipeline/Pipeline.php(167): Illuminate\\Foundation\\Http\\Middleware\\CheckForMaintenanceMode->handle(Object(Illuminate\\Http\\Request), Object(Closure))
#32 /Users/Esmeralda/Desktop/Schoolwerk/9amo_04/vendor/fruitcake/laravel-cors/src/HandleCors.php(38): Illuminate\\Pipeline\\Pipeline->Illuminate\\Pipeline\\{closure}(Object(Illuminate\\Http\\Request))
#33 /Users/Esmeralda/Desktop/Schoolwerk/9amo_04/vendor/laravel/framework/src/Illuminate/Pipeline/Pipeline.php(167): Fruitcake\\Cors\\HandleCors->handle(Object(Illuminate\\Http\\Request), Object(Closure))
#34 /Users/Esmeralda/Desktop/Schoolwerk/9amo_04/vendor/fideloper/proxy/src/TrustProxies.php(57): Illuminate\\Pipeline\\Pipeline->Illuminate\\Pipeline\\{closure}(Object(Illuminate\\Http\\Request))
#35 /Users/Esmeralda/Desktop/Schoolwerk/9amo_04/vendor/laravel/framework/src/Illuminate/Pipeline/Pipeline.php(167): Fideloper\\Proxy\\TrustProxies->handle(Object(Illuminate\\Http\\Request), Object(Closure))
#36 /Users/Esmeralda/Desktop/Schoolwerk/9amo_04/vendor/laravel/framework/src/Illuminate/Pipeline/Pipeline.php(103): Illuminate\\Pipeline\\Pipeline->Illuminate\\Pipeline\\{closure}(Object(Illuminate\\Http\\Request))
#37 /Users/Esmeralda/Desktop/Schoolwerk/9amo_04/vendor/laravel/framework/src/Illuminate/Foundation/Http/Kernel.php(140): Illuminate\\Pipeline\\Pipeline->then(Object(Closure))
#38 /Users/Esmeralda/Desktop/Schoolwerk/9amo_04/vendor/laravel/framework/src/Illuminate/Foundation/Http/Kernel.php(109): Illuminate\\Foundation\\Http\\Kernel->sendRequestThroughRouter(Object(Illuminate\\Http\\Request))
#39 /Users/Esmeralda/Desktop/Schoolwerk/9amo_04/public/index.php(55): Illuminate\\Foundation\\Http\\Kernel->handle(Object(Illuminate\\Http\\Request))
#40 /Users/Esmeralda/Desktop/Schoolwerk/9amo_04/server.php(21): require_once('/Users/Esmerald...')
#41 {main}
"} 
[2021-06-07 09:46:06] production.ERROR: No application encryption key has been specified. {"exception":"[object] (RuntimeException(code: 0): No application encryption key has been specified. at /Users/Esmeralda/Desktop/Schoolwerk/9amo_04/vendor/laravel/framework/src/Illuminate/Encryption/EncryptionServiceProvider.php:80)
[stacktrace]
#0 /Users/Esmeralda/Desktop/Schoolwerk/9amo_04/vendor/laravel/framework/src/Illuminate/Support/helpers.php(433): Illuminate\\Encryption\\EncryptionServiceProvider->Illuminate\\Encryption\\{closure}(NULL)
#1 /Users/Esmeralda/Desktop/Schoolwerk/9amo_04/vendor/laravel/framework/src/Illuminate/Encryption/EncryptionServiceProvider.php(84): tap(NULL, Object(Closure))
#2 /Users/Esmeralda/Desktop/Schoolwerk/9amo_04/vendor/laravel/framework/src/Illuminate/Encryption/EncryptionServiceProvider.php(61): Illuminate\\Encryption\\EncryptionServiceProvider->key(Array)
#3 /Users/Esmeralda/Desktop/Schoolwerk/9amo_04/vendor/laravel/framework/src/Illuminate/Encryption/EncryptionServiceProvider.php(33): Illuminate\\Encryption\\EncryptionServiceProvider->parseKey(Array)
#4 /Users/Esmeralda/Desktop/Schoolwerk/9amo_04/vendor/laravel/framework/src/Illuminate/Container/Container.php(805): Illuminate\\Encryption\\EncryptionServiceProvider->Illuminate\\Encryption\\{closure}(Object(Illuminate\\Foundation\\Application), Array)
#5 /Users/Esmeralda/Desktop/Schoolwerk/9amo_04/vendor/laravel/framework/src/Illuminate/Container/Container.php(691): Illuminate\\Container\\Container->build(Object(Closure))
#6 /Users/Esmeralda/Desktop/Schoolwerk/9amo_04/vendor/laravel/framework/src/Illuminate/Foundation/Application.php(796): Illuminate\\Container\\Container->resolve('encrypter', Array, true)
#7 /Users/Esmeralda/Desktop/Schoolwerk/9amo_04/vendor/laravel/framework/src/Illuminate/Container/Container.php(637): Illuminate\\Foundation\\Application->resolve('encrypter', Array)
#8 /Users/Esmeralda/Desktop/Schoolwerk/9amo_04/vendor/laravel/framework/src/Illuminate/Foundation/Application.php(781): Illuminate\\Container\\Container->make('encrypter', Array)
#9 /Users/Esmeralda/Desktop/Schoolwerk/9amo_04/vendor/laravel/framework/src/Illuminate/Container/Container.php(959): Illuminate\\Foundation\\Application->make('encrypter')
#10 /Users/Esmeralda/Desktop/Schoolwerk/9amo_04/vendor/laravel/framework/src/Illuminate/Container/Container.php(879): Illuminate\\Container\\Container->resolveClass(Object(ReflectionParameter))
#11 /Users/Esmeralda/Desktop/Schoolwerk/9amo_04/vendor/laravel/framework/src/Illuminate/Container/Container.php(840): Illuminate\\Container\\Container->resolveDependencies(Array)
#12 /Users/Esmeralda/Desktop/Schoolwerk/9amo_04/vendor/laravel/framework/src/Illuminate/Container/Container.php(691): Illuminate\\Container\\Container->build('App\\\\Http\\\\Middle...')
#13 /Users/Esmeralda/Desktop/Schoolwerk/9amo_04/vendor/laravel/framework/src/Illuminate/Foundation/Application.php(796): Illuminate\\Container\\Container->resolve('App\\\\Http\\\\Middle...', Array, true)
#14 /Users/Esmeralda/Desktop/Schoolwerk/9amo_04/vendor/laravel/framework/src/Illuminate/Container/Container.php(637): Illuminate\\Foundation\\Application->resolve('App\\\\Http\\\\Middle...', Array)
#15 /Users/Esmeralda/Desktop/Schoolwerk/9amo_04/vendor/laravel/framework/src/Illuminate/Foundation/Application.php(781): Illuminate\\Container\\Container->make('App\\\\Http\\\\Middle...', Array)
#16 /Users/Esmeralda/Desktop/Schoolwerk/9amo_04/vendor/laravel/framework/src/Illuminate/Foundation/Http/Kernel.php(204): Illuminate\\Foundation\\Application->make('App\\\\Http\\\\Middle...')
#17 /Users/Esmeralda/Desktop/Schoolwerk/9amo_04/vendor/laravel/framework/src/Illuminate/Foundation/Http/Kernel.php(178): Illuminate\\Foundation\\Http\\Kernel->terminateMiddleware(Object(Illuminate\\Http\\Request), Object(Illuminate\\Http\\Response))
#18 /Users/Esmeralda/Desktop/Schoolwerk/9amo_04/public/index.php(60): Illuminate\\Foundation\\Http\\Kernel->terminate(Object(Illuminate\\Http\\Request), Object(Illuminate\\Http\\Response))
#19 /Users/Esmeralda/Desktop/Schoolwerk/9amo_04/server.php(21): require_once('/Users/Esmerald...')
#20 {main}
"} 
[2021-06-07 10:39:18] production.ERROR: No application encryption key has been specified. {"exception":"[object] (RuntimeException(code: 0): No application encryption key has been specified. at /Users/Esmeralda/Desktop/Schoolwerk/9amo_04/vendor/laravel/framework/src/Illuminate/Encryption/EncryptionServiceProvider.php:80)
[stacktrace]
#0 /Users/Esmeralda/Desktop/Schoolwerk/9amo_04/vendor/laravel/framework/src/Illuminate/Support/helpers.php(433): Illuminate\\Encryption\\EncryptionServiceProvider->Illuminate\\Encryption\\{closure}(NULL)
#1 /Users/Esmeralda/Desktop/Schoolwerk/9amo_04/vendor/laravel/framework/src/Illuminate/Encryption/EncryptionServiceProvider.php(84): tap(NULL, Object(Closure))
#2 /Users/Esmeralda/Desktop/Schoolwerk/9amo_04/vendor/laravel/framework/src/Illuminate/Encryption/EncryptionServiceProvider.php(61): Illuminate\\Encryption\\EncryptionServiceProvider->key(Array)
#3 /Users/Esmeralda/Desktop/Schoolwerk/9amo_04/vendor/laravel/framework/src/Illuminate/Encryption/EncryptionServiceProvider.php(33): Illuminate\\Encryption\\EncryptionServiceProvider->parseKey(Array)
#4 /Users/Esmeralda/Desktop/Schoolwerk/9amo_04/vendor/laravel/framework/src/Illuminate/Container/Container.php(805): Illuminate\\Encryption\\EncryptionServiceProvider->Illuminate\\Encryption\\{closure}(Object(Illuminate\\Foundation\\Application), Array)
#5 /Users/Esmeralda/Desktop/Schoolwerk/9amo_04/vendor/laravel/framework/src/Illuminate/Container/Container.php(691): Illuminate\\Container\\Container->build(Object(Closure))
#6 /Users/Esmeralda/Desktop/Schoolwerk/9amo_04/vendor/laravel/framework/src/Illuminate/Foundation/Application.php(796): Illuminate\\Container\\Container->resolve('encrypter', Array, true)
#7 /Users/Esmeralda/Desktop/Schoolwerk/9amo_04/vendor/laravel/framework/src/Illuminate/Container/Container.php(637): Illuminate\\Foundation\\Application->resolve('encrypter', Array)
#8 /Users/Esmeralda/Desktop/Schoolwerk/9amo_04/vendor/laravel/framework/src/Illuminate/Foundation/Application.php(781): Illuminate\\Container\\Container->make('encrypter', Array)
#9 /Users/Esmeralda/Desktop/Schoolwerk/9amo_04/vendor/laravel/framework/src/Illuminate/Container/Container.php(959): Illuminate\\Foundation\\Application->make('encrypter')
#10 /Users/Esmeralda/Desktop/Schoolwerk/9amo_04/vendor/laravel/framework/src/Illuminate/Container/Container.php(879): Illuminate\\Container\\Container->resolveClass(Object(ReflectionParameter))
#11 /Users/Esmeralda/Desktop/Schoolwerk/9amo_04/vendor/laravel/framework/src/Illuminate/Container/Container.php(840): Illuminate\\Container\\Container->resolveDependencies(Array)
#12 /Users/Esmeralda/Desktop/Schoolwerk/9amo_04/vendor/laravel/framework/src/Illuminate/Container/Container.php(691): Illuminate\\Container\\Container->build('App\\\\Http\\\\Middle...')
#13 /Users/Esmeralda/Desktop/Schoolwerk/9amo_04/vendor/laravel/framework/src/Illuminate/Foundation/Application.php(796): Illuminate\\Container\\Container->resolve('App\\\\Http\\\\Middle...', Array, true)
#14 /Users/Esmeralda/Desktop/Schoolwerk/9amo_04/vendor/laravel/framework/src/Illuminate/Container/Container.php(637): Illuminate\\Foundation\\Application->resolve('App\\\\Http\\\\Middle...', Array)
#15 /Users/Esmeralda/Desktop/Schoolwerk/9amo_04/vendor/laravel/framework/src/Illuminate/Foundation/Application.php(781): Illuminate\\Container\\Container->make('App\\\\Http\\\\Middle...', Array)
#16 /Users/Esmeralda/Desktop/Schoolwerk/9amo_04/vendor/laravel/framework/src/Illuminate/Pipeline/Pipeline.php(156): Illuminate\\Foundation\\Application->make('App\\\\Http\\\\Middle...')
#17 /Users/Esmeralda/Desktop/Schoolwerk/9amo_04/vendor/laravel/framework/src/Illuminate/Pipeline/Pipeline.php(103): Illuminate\\Pipeline\\Pipeline->Illuminate\\Pipeline\\{closure}(Object(Illuminate\\Http\\Request))
#18 /Users/Esmeralda/Desktop/Schoolwerk/9amo_04/vendor/laravel/framework/src/Illuminate/Routing/Router.php(687): Illuminate\\Pipeline\\Pipeline->then(Object(Closure))
#19 /Users/Esmeralda/Desktop/Schoolwerk/9amo_04/vendor/laravel/framework/src/Illuminate/Routing/Router.php(662): Illuminate\\Routing\\Router->runRouteWithinStack(Object(Illuminate\\Routing\\Route), Object(Illuminate\\Http\\Request))
#20 /Users/Esmeralda/Desktop/Schoolwerk/9amo_04/vendor/laravel/framework/src/Illuminate/Routing/Router.php(628): Illuminate\\Routing\\Router->runRoute(Object(Illuminate\\Http\\Request), Object(Illuminate\\Routing\\Route))
#21 /Users/Esmeralda/Desktop/Schoolwerk/9amo_04/vendor/laravel/framework/src/Illuminate/Routing/Router.php(617): Illuminate\\Routing\\Router->dispatchToRoute(Object(Illuminate\\Http\\Request))
#22 /Users/Esmeralda/Desktop/Schoolwerk/9amo_04/vendor/laravel/framework/src/Illuminate/Foundation/Http/Kernel.php(165): Illuminate\\Routing\\Router->dispatch(Object(Illuminate\\Http\\Request))
#23 /Users/Esmeralda/Desktop/Schoolwerk/9amo_04/vendor/laravel/framework/src/Illuminate/Pipeline/Pipeline.php(128): Illuminate\\Foundation\\Http\\Kernel->Illuminate\\Foundation\\Http\\{closure}(Object(Illuminate\\Http\\Request))
#24 /Users/Esmeralda/Desktop/Schoolwerk/9amo_04/vendor/laravel/framework/src/Illuminate/Foundation/Http/Middleware/TransformsRequest.php(21): Illuminate\\Pipeline\\Pipeline->Illuminate\\Pipeline\\{closure}(Object(Illuminate\\Http\\Request))
#25 /Users/Esmeralda/Desktop/Schoolwerk/9amo_04/vendor/laravel/framework/src/Illuminate/Pipeline/Pipeline.php(167): Illuminate\\Foundation\\Http\\Middleware\\TransformsRequest->handle(Object(Illuminate\\Http\\Request), Object(Closure))
#26 /Users/Esmeralda/Desktop/Schoolwerk/9amo_04/vendor/laravel/framework/src/Illuminate/Foundation/Http/Middleware/TransformsRequest.php(21): Illuminate\\Pipeline\\Pipeline->Illuminate\\Pipeline\\{closure}(Object(Illuminate\\Http\\Request))
#27 /Users/Esmeralda/Desktop/Schoolwerk/9amo_04/vendor/laravel/framework/src/Illuminate/Pipeline/Pipeline.php(167): Illuminate\\Foundation\\Http\\Middleware\\TransformsRequest->handle(Object(Illuminate\\Http\\Request), Object(Closure))
#28 /Users/Esmeralda/Desktop/Schoolwerk/9amo_04/vendor/laravel/framework/src/Illuminate/Foundation/Http/Middleware/ValidatePostSize.php(27): Illuminate\\Pipeline\\Pipeline->Illuminate\\Pipeline\\{closure}(Object(Illuminate\\Http\\Request))
#29 /Users/Esmeralda/Desktop/Schoolwerk/9amo_04/vendor/laravel/framework/src/Illuminate/Pipeline/Pipeline.php(167): Illuminate\\Foundation\\Http\\Middleware\\ValidatePostSize->handle(Object(Illuminate\\Http\\Request), Object(Closure))
#30 /Users/Esmeralda/Desktop/Schoolwerk/9amo_04/vendor/laravel/framework/src/Illuminate/Foundation/Http/Middleware/CheckForMaintenanceMode.php(63): Illuminate\\Pipeline\\Pipeline->Illuminate\\Pipeline\\{closure}(Object(Illuminate\\Http\\Request))
#31 /Users/Esmeralda/Desktop/Schoolwerk/9amo_04/vendor/laravel/framework/src/Illuminate/Pipeline/Pipeline.php(167): Illuminate\\Foundation\\Http\\Middleware\\CheckForMaintenanceMode->handle(Object(Illuminate\\Http\\Request), Object(Closure))
#32 /Users/Esmeralda/Desktop/Schoolwerk/9amo_04/vendor/fruitcake/laravel-cors/src/HandleCors.php(38): Illuminate\\Pipeline\\Pipeline->Illuminate\\Pipeline\\{closure}(Object(Illuminate\\Http\\Request))
#33 /Users/Esmeralda/Desktop/Schoolwerk/9amo_04/vendor/laravel/framework/src/Illuminate/Pipeline/Pipeline.php(167): Fruitcake\\Cors\\HandleCors->handle(Object(Illuminate\\Http\\Request), Object(Closure))
#34 /Users/Esmeralda/Desktop/Schoolwerk/9amo_04/vendor/fideloper/proxy/src/TrustProxies.php(57): Illuminate\\Pipeline\\Pipeline->Illuminate\\Pipeline\\{closure}(Object(Illuminate\\Http\\Request))
#35 /Users/Esmeralda/Desktop/Schoolwerk/9amo_04/vendor/laravel/framework/src/Illuminate/Pipeline/Pipeline.php(167): Fideloper\\Proxy\\TrustProxies->handle(Object(Illuminate\\Http\\Request), Object(Closure))
#36 /Users/Esmeralda/Desktop/Schoolwerk/9amo_04/vendor/laravel/framework/src/Illuminate/Pipeline/Pipeline.php(103): Illuminate\\Pipeline\\Pipeline->Illuminate\\Pipeline\\{closure}(Object(Illuminate\\Http\\Request))
#37 /Users/Esmeralda/Desktop/Schoolwerk/9amo_04/vendor/laravel/framework/src/Illuminate/Foundation/Http/Kernel.php(140): Illuminate\\Pipeline\\Pipeline->then(Object(Closure))
#38 /Users/Esmeralda/Desktop/Schoolwerk/9amo_04/vendor/laravel/framework/src/Illuminate/Foundation/Http/Kernel.php(109): Illuminate\\Foundation\\Http\\Kernel->sendRequestThroughRouter(Object(Illuminate\\Http\\Request))
#39 /Users/Esmeralda/Desktop/Schoolwerk/9amo_04/public/index.php(55): Illuminate\\Foundation\\Http\\Kernel->handle(Object(Illuminate\\Http\\Request))
#40 /Users/Esmeralda/Desktop/Schoolwerk/9amo_04/server.php(21): require_once('/Users/Esmerald...')
#41 {main}
"} 
[2021-06-07 10:39:18] production.ERROR: No application encryption key has been specified. {"exception":"[object] (RuntimeException(code: 0): No application encryption key has been specified. at /Users/Esmeralda/Desktop/Schoolwerk/9amo_04/vendor/laravel/framework/src/Illuminate/Encryption/EncryptionServiceProvider.php:80)
[stacktrace]
#0 /Users/Esmeralda/Desktop/Schoolwerk/9amo_04/vendor/laravel/framework/src/Illuminate/Support/helpers.php(433): Illuminate\\Encryption\\EncryptionServiceProvider->Illuminate\\Encryption\\{closure}(NULL)
#1 /Users/Esmeralda/Desktop/Schoolwerk/9amo_04/vendor/laravel/framework/src/Illuminate/Encryption/EncryptionServiceProvider.php(84): tap(NULL, Object(Closure))
#2 /Users/Esmeralda/Desktop/Schoolwerk/9amo_04/vendor/laravel/framework/src/Illuminate/Encryption/EncryptionServiceProvider.php(61): Illuminate\\Encryption\\EncryptionServiceProvider->key(Array)
#3 /Users/Esmeralda/Desktop/Schoolwerk/9amo_04/vendor/laravel/framework/src/Illuminate/Encryption/EncryptionServiceProvider.php(33): Illuminate\\Encryption\\EncryptionServiceProvider->parseKey(Array)
#4 /Users/Esmeralda/Desktop/Schoolwerk/9amo_04/vendor/laravel/framework/src/Illuminate/Container/Container.php(805): Illuminate\\Encryption\\EncryptionServiceProvider->Illuminate\\Encryption\\{closure}(Object(Illuminate\\Foundation\\Application), Array)
#5 /Users/Esmeralda/Desktop/Schoolwerk/9amo_04/vendor/laravel/framework/src/Illuminate/Container/Container.php(691): Illuminate\\Container\\Container->build(Object(Closure))
#6 /Users/Esmeralda/Desktop/Schoolwerk/9amo_04/vendor/laravel/framework/src/Illuminate/Foundation/Application.php(796): Illuminate\\Container\\Container->resolve('encrypter', Array, true)
#7 /Users/Esmeralda/Desktop/Schoolwerk/9amo_04/vendor/laravel/framework/src/Illuminate/Container/Container.php(637): Illuminate\\Foundation\\Application->resolve('encrypter', Array)
#8 /Users/Esmeralda/Desktop/Schoolwerk/9amo_04/vendor/laravel/framework/src/Illuminate/Foundation/Application.php(781): Illuminate\\Container\\Container->make('encrypter', Array)
#9 /Users/Esmeralda/Desktop/Schoolwerk/9amo_04/vendor/laravel/framework/src/Illuminate/Container/Container.php(959): Illuminate\\Foundation\\Application->make('encrypter')
#10 /Users/Esmeralda/Desktop/Schoolwerk/9amo_04/vendor/laravel/framework/src/Illuminate/Container/Container.php(879): Illuminate\\Container\\Container->resolveClass(Object(ReflectionParameter))
#11 /Users/Esmeralda/Desktop/Schoolwerk/9amo_04/vendor/laravel/framework/src/Illuminate/Container/Container.php(840): Illuminate\\Container\\Container->resolveDependencies(Array)
#12 /Users/Esmeralda/Desktop/Schoolwerk/9amo_04/vendor/laravel/framework/src/Illuminate/Container/Container.php(691): Illuminate\\Container\\Container->build('App\\\\Http\\\\Middle...')
#13 /Users/Esmeralda/Desktop/Schoolwerk/9amo_04/vendor/laravel/framework/src/Illuminate/Foundation/Application.php(796): Illuminate\\Container\\Container->resolve('App\\\\Http\\\\Middle...', Array, true)
#14 /Users/Esmeralda/Desktop/Schoolwerk/9amo_04/vendor/laravel/framework/src/Illuminate/Container/Container.php(637): Illuminate\\Foundation\\Application->resolve('App\\\\Http\\\\Middle...', Array)
#15 /Users/Esmeralda/Desktop/Schoolwerk/9amo_04/vendor/laravel/framework/src/Illuminate/Foundation/Application.php(781): Illuminate\\Container\\Container->make('App\\\\Http\\\\Middle...', Array)
#16 /Users/Esmeralda/Desktop/Schoolwerk/9amo_04/vendor/laravel/framework/src/Illuminate/Foundation/Http/Kernel.php(204): Illuminate\\Foundation\\Application->make('App\\\\Http\\\\Middle...')
#17 /Users/Esmeralda/Desktop/Schoolwerk/9amo_04/vendor/laravel/framework/src/Illuminate/Foundation/Http/Kernel.php(178): Illuminate\\Foundation\\Http\\Kernel->terminateMiddleware(Object(Illuminate\\Http\\Request), Object(Illuminate\\Http\\Response))
#18 /Users/Esmeralda/Desktop/Schoolwerk/9amo_04/public/index.php(60): Illuminate\\Foundation\\Http\\Kernel->terminate(Object(Illuminate\\Http\\Request), Object(Illuminate\\Http\\Response))
#19 /Users/Esmeralda/Desktop/Schoolwerk/9amo_04/server.php(21): require_once('/Users/Esmerald...')
#20 {main}
"} 
[2021-06-07 10:39:21] production.ERROR: No application encryption key has been specified. {"exception":"[object] (RuntimeException(code: 0): No application encryption key has been specified. at /Users/Esmeralda/Desktop/Schoolwerk/9amo_04/vendor/laravel/framework/src/Illuminate/Encryption/EncryptionServiceProvider.php:80)
[stacktrace]
#0 /Users/Esmeralda/Desktop/Schoolwerk/9amo_04/vendor/laravel/framework/src/Illuminate/Support/helpers.php(433): Illuminate\\Encryption\\EncryptionServiceProvider->Illuminate\\Encryption\\{closure}(NULL)
#1 /Users/Esmeralda/Desktop/Schoolwerk/9amo_04/vendor/laravel/framework/src/Illuminate/Encryption/EncryptionServiceProvider.php(84): tap(NULL, Object(Closure))
#2 /Users/Esmeralda/Desktop/Schoolwerk/9amo_04/vendor/laravel/framework/src/Illuminate/Encryption/EncryptionServiceProvider.php(61): Illuminate\\Encryption\\EncryptionServiceProvider->key(Array)
#3 /Users/Esmeralda/Desktop/Schoolwerk/9amo_04/vendor/laravel/framework/src/Illuminate/Encryption/EncryptionServiceProvider.php(33): Illuminate\\Encryption\\EncryptionServiceProvider->parseKey(Array)
#4 /Users/Esmeralda/Desktop/Schoolwerk/9amo_04/vendor/laravel/framework/src/Illuminate/Container/Container.php(805): Illuminate\\Encryption\\EncryptionServiceProvider->Illuminate\\Encryption\\{closure}(Object(Illuminate\\Foundation\\Application), Array)
#5 /Users/Esmeralda/Desktop/Schoolwerk/9amo_04/vendor/laravel/framework/src/Illuminate/Container/Container.php(691): Illuminate\\Container\\Container->build(Object(Closure))
#6 /Users/Esmeralda/Desktop/Schoolwerk/9amo_04/vendor/laravel/framework/src/Illuminate/Foundation/Application.php(796): Illuminate\\Container\\Container->resolve('encrypter', Array, true)
#7 /Users/Esmeralda/Desktop/Schoolwerk/9amo_04/vendor/laravel/framework/src/Illuminate/Container/Container.php(637): Illuminate\\Foundation\\Application->resolve('encrypter', Array)
#8 /Users/Esmeralda/Desktop/Schoolwerk/9amo_04/vendor/laravel/framework/src/Illuminate/Foundation/Application.php(781): Illuminate\\Container\\Container->make('encrypter', Array)
#9 /Users/Esmeralda/Desktop/Schoolwerk/9amo_04/vendor/laravel/framework/src/Illuminate/Container/Container.php(959): Illuminate\\Foundation\\Application->make('encrypter')
#10 /Users/Esmeralda/Desktop/Schoolwerk/9amo_04/vendor/laravel/framework/src/Illuminate/Container/Container.php(879): Illuminate\\Container\\Container->resolveClass(Object(ReflectionParameter))
#11 /Users/Esmeralda/Desktop/Schoolwerk/9amo_04/vendor/laravel/framework/src/Illuminate/Container/Container.php(840): Illuminate\\Container\\Container->resolveDependencies(Array)
#12 /Users/Esmeralda/Desktop/Schoolwerk/9amo_04/vendor/laravel/framework/src/Illuminate/Container/Container.php(691): Illuminate\\Container\\Container->build('App\\\\Http\\\\Middle...')
#13 /Users/Esmeralda/Desktop/Schoolwerk/9amo_04/vendor/laravel/framework/src/Illuminate/Foundation/Application.php(796): Illuminate\\Container\\Container->resolve('App\\\\Http\\\\Middle...', Array, true)
#14 /Users/Esmeralda/Desktop/Schoolwerk/9amo_04/vendor/laravel/framework/src/Illuminate/Container/Container.php(637): Illuminate\\Foundation\\Application->resolve('App\\\\Http\\\\Middle...', Array)
#15 /Users/Esmeralda/Desktop/Schoolwerk/9amo_04/vendor/laravel/framework/src/Illuminate/Foundation/Application.php(781): Illuminate\\Container\\Container->make('App\\\\Http\\\\Middle...', Array)
#16 /Users/Esmeralda/Desktop/Schoolwerk/9amo_04/vendor/laravel/framework/src/Illuminate/Pipeline/Pipeline.php(156): Illuminate\\Foundation\\Application->make('App\\\\Http\\\\Middle...')
#17 /Users/Esmeralda/Desktop/Schoolwerk/9amo_04/vendor/laravel/framework/src/Illuminate/Pipeline/Pipeline.php(103): Illuminate\\Pipeline\\Pipeline->Illuminate\\Pipeline\\{closure}(Object(Illuminate\\Http\\Request))
#18 /Users/Esmeralda/Desktop/Schoolwerk/9amo_04/vendor/laravel/framework/src/Illuminate/Routing/Router.php(687): Illuminate\\Pipeline\\Pipeline->then(Object(Closure))
#19 /Users/Esmeralda/Desktop/Schoolwerk/9amo_04/vendor/laravel/framework/src/Illuminate/Routing/Router.php(662): Illuminate\\Routing\\Router->runRouteWithinStack(Object(Illuminate\\Routing\\Route), Object(Illuminate\\Http\\Request))
#20 /Users/Esmeralda/Desktop/Schoolwerk/9amo_04/vendor/laravel/framework/src/Illuminate/Routing/Router.php(628): Illuminate\\Routing\\Router->runRoute(Object(Illuminate\\Http\\Request), Object(Illuminate\\Routing\\Route))
#21 /Users/Esmeralda/Desktop/Schoolwerk/9amo_04/vendor/laravel/framework/src/Illuminate/Routing/Router.php(617): Illuminate\\Routing\\Router->dispatchToRoute(Object(Illuminate\\Http\\Request))
#22 /Users/Esmeralda/Desktop/Schoolwerk/9amo_04/vendor/laravel/framework/src/Illuminate/Foundation/Http/Kernel.php(165): Illuminate\\Routing\\Router->dispatch(Object(Illuminate\\Http\\Request))
#23 /Users/Esmeralda/Desktop/Schoolwerk/9amo_04/vendor/laravel/framework/src/Illuminate/Pipeline/Pipeline.php(128): Illuminate\\Foundation\\Http\\Kernel->Illuminate\\Foundation\\Http\\{closure}(Object(Illuminate\\Http\\Request))
#24 /Users/Esmeralda/Desktop/Schoolwerk/9amo_04/vendor/laravel/framework/src/Illuminate/Foundation/Http/Middleware/TransformsRequest.php(21): Illuminate\\Pipeline\\Pipeline->Illuminate\\Pipeline\\{closure}(Object(Illuminate\\Http\\Request))
#25 /Users/Esmeralda/Desktop/Schoolwerk/9amo_04/vendor/laravel/framework/src/Illuminate/Pipeline/Pipeline.php(167): Illuminate\\Foundation\\Http\\Middleware\\TransformsRequest->handle(Object(Illuminate\\Http\\Request), Object(Closure))
#26 /Users/Esmeralda/Desktop/Schoolwerk/9amo_04/vendor/laravel/framework/src/Illuminate/Foundation/Http/Middleware/TransformsRequest.php(21): Illuminate\\Pipeline\\Pipeline->Illuminate\\Pipeline\\{closure}(Object(Illuminate\\Http\\Request))
#27 /Users/Esmeralda/Desktop/Schoolwerk/9amo_04/vendor/laravel/framework/src/Illuminate/Pipeline/Pipeline.php(167): Illuminate\\Foundation\\Http\\Middleware\\TransformsRequest->handle(Object(Illuminate\\Http\\Request), Object(Closure))
#28 /Users/Esmeralda/Desktop/Schoolwerk/9amo_04/vendor/laravel/framework/src/Illuminate/Foundation/Http/Middleware/ValidatePostSize.php(27): Illuminate\\Pipeline\\Pipeline->Illuminate\\Pipeline\\{closure}(Object(Illuminate\\Http\\Request))
#29 /Users/Esmeralda/Desktop/Schoolwerk/9amo_04/vendor/laravel/framework/src/Illuminate/Pipeline/Pipeline.php(167): Illuminate\\Foundation\\Http\\Middleware\\ValidatePostSize->handle(Object(Illuminate\\Http\\Request), Object(Closure))
#30 /Users/Esmeralda/Desktop/Schoolwerk/9amo_04/vendor/laravel/framework/src/Illuminate/Foundation/Http/Middleware/CheckForMaintenanceMode.php(63): Illuminate\\Pipeline\\Pipeline->Illuminate\\Pipeline\\{closure}(Object(Illuminate\\Http\\Request))
#31 /Users/Esmeralda/Desktop/Schoolwerk/9amo_04/vendor/laravel/framework/src/Illuminate/Pipeline/Pipeline.php(167): Illuminate\\Foundation\\Http\\Middleware\\CheckForMaintenanceMode->handle(Object(Illuminate\\Http\\Request), Object(Closure))
#32 /Users/Esmeralda/Desktop/Schoolwerk/9amo_04/vendor/fruitcake/laravel-cors/src/HandleCors.php(38): Illuminate\\Pipeline\\Pipeline->Illuminate\\Pipeline\\{closure}(Object(Illuminate\\Http\\Request))
#33 /Users/Esmeralda/Desktop/Schoolwerk/9amo_04/vendor/laravel/framework/src/Illuminate/Pipeline/Pipeline.php(167): Fruitcake\\Cors\\HandleCors->handle(Object(Illuminate\\Http\\Request), Object(Closure))
#34 /Users/Esmeralda/Desktop/Schoolwerk/9amo_04/vendor/fideloper/proxy/src/TrustProxies.php(57): Illuminate\\Pipeline\\Pipeline->Illuminate\\Pipeline\\{closure}(Object(Illuminate\\Http\\Request))
#35 /Users/Esmeralda/Desktop/Schoolwerk/9amo_04/vendor/laravel/framework/src/Illuminate/Pipeline/Pipeline.php(167): Fideloper\\Proxy\\TrustProxies->handle(Object(Illuminate\\Http\\Request), Object(Closure))
#36 /Users/Esmeralda/Desktop/Schoolwerk/9amo_04/vendor/laravel/framework/src/Illuminate/Pipeline/Pipeline.php(103): Illuminate\\Pipeline\\Pipeline->Illuminate\\Pipeline\\{closure}(Object(Illuminate\\Http\\Request))
#37 /Users/Esmeralda/Desktop/Schoolwerk/9amo_04/vendor/laravel/framework/src/Illuminate/Foundation/Http/Kernel.php(140): Illuminate\\Pipeline\\Pipeline->then(Object(Closure))
#38 /Users/Esmeralda/Desktop/Schoolwerk/9amo_04/vendor/laravel/framework/src/Illuminate/Foundation/Http/Kernel.php(109): Illuminate\\Foundation\\Http\\Kernel->sendRequestThroughRouter(Object(Illuminate\\Http\\Request))
#39 /Users/Esmeralda/Desktop/Schoolwerk/9amo_04/public/index.php(55): Illuminate\\Foundation\\Http\\Kernel->handle(Object(Illuminate\\Http\\Request))
#40 /Users/Esmeralda/Desktop/Schoolwerk/9amo_04/server.php(21): require_once('/Users/Esmerald...')
#41 {main}
"} 
[2021-06-07 10:39:21] production.ERROR: No application encryption key has been specified. {"exception":"[object] (RuntimeException(code: 0): No application encryption key has been specified. at /Users/Esmeralda/Desktop/Schoolwerk/9amo_04/vendor/laravel/framework/src/Illuminate/Encryption/EncryptionServiceProvider.php:80)
[stacktrace]
#0 /Users/Esmeralda/Desktop/Schoolwerk/9amo_04/vendor/laravel/framework/src/Illuminate/Support/helpers.php(433): Illuminate\\Encryption\\EncryptionServiceProvider->Illuminate\\Encryption\\{closure}(NULL)
#1 /Users/Esmeralda/Desktop/Schoolwerk/9amo_04/vendor/laravel/framework/src/Illuminate/Encryption/EncryptionServiceProvider.php(84): tap(NULL, Object(Closure))
#2 /Users/Esmeralda/Desktop/Schoolwerk/9amo_04/vendor/laravel/framework/src/Illuminate/Encryption/EncryptionServiceProvider.php(61): Illuminate\\Encryption\\EncryptionServiceProvider->key(Array)
#3 /Users/Esmeralda/Desktop/Schoolwerk/9amo_04/vendor/laravel/framework/src/Illuminate/Encryption/EncryptionServiceProvider.php(33): Illuminate\\Encryption\\EncryptionServiceProvider->parseKey(Array)
#4 /Users/Esmeralda/Desktop/Schoolwerk/9amo_04/vendor/laravel/framework/src/Illuminate/Container/Container.php(805): Illuminate\\Encryption\\EncryptionServiceProvider->Illuminate\\Encryption\\{closure}(Object(Illuminate\\Foundation\\Application), Array)
#5 /Users/Esmeralda/Desktop/Schoolwerk/9amo_04/vendor/laravel/framework/src/Illuminate/Container/Container.php(691): Illuminate\\Container\\Container->build(Object(Closure))
#6 /Users/Esmeralda/Desktop/Schoolwerk/9amo_04/vendor/laravel/framework/src/Illuminate/Foundation/Application.php(796): Illuminate\\Container\\Container->resolve('encrypter', Array, true)
#7 /Users/Esmeralda/Desktop/Schoolwerk/9amo_04/vendor/laravel/framework/src/Illuminate/Container/Container.php(637): Illuminate\\Foundation\\Application->resolve('encrypter', Array)
#8 /Users/Esmeralda/Desktop/Schoolwerk/9amo_04/vendor/laravel/framework/src/Illuminate/Foundation/Application.php(781): Illuminate\\Container\\Container->make('encrypter', Array)
#9 /Users/Esmeralda/Desktop/Schoolwerk/9amo_04/vendor/laravel/framework/src/Illuminate/Container/Container.php(959): Illuminate\\Foundation\\Application->make('encrypter')
#10 /Users/Esmeralda/Desktop/Schoolwerk/9amo_04/vendor/laravel/framework/src/Illuminate/Container/Container.php(879): Illuminate\\Container\\Container->resolveClass(Object(ReflectionParameter))
#11 /Users/Esmeralda/Desktop/Schoolwerk/9amo_04/vendor/laravel/framework/src/Illuminate/Container/Container.php(840): Illuminate\\Container\\Container->resolveDependencies(Array)
#12 /Users/Esmeralda/Desktop/Schoolwerk/9amo_04/vendor/laravel/framework/src/Illuminate/Container/Container.php(691): Illuminate\\Container\\Container->build('App\\\\Http\\\\Middle...')
#13 /Users/Esmeralda/Desktop/Schoolwerk/9amo_04/vendor/laravel/framework/src/Illuminate/Foundation/Application.php(796): Illuminate\\Container\\Container->resolve('App\\\\Http\\\\Middle...', Array, true)
#14 /Users/Esmeralda/Desktop/Schoolwerk/9amo_04/vendor/laravel/framework/src/Illuminate/Container/Container.php(637): Illuminate\\Foundation\\Application->resolve('App\\\\Http\\\\Middle...', Array)
#15 /Users/Esmeralda/Desktop/Schoolwerk/9amo_04/vendor/laravel/framework/src/Illuminate/Foundation/Application.php(781): Illuminate\\Container\\Container->make('App\\\\Http\\\\Middle...', Array)
#16 /Users/Esmeralda/Desktop/Schoolwerk/9amo_04/vendor/laravel/framework/src/Illuminate/Foundation/Http/Kernel.php(204): Illuminate\\Foundation\\Application->make('App\\\\Http\\\\Middle...')
#17 /Users/Esmeralda/Desktop/Schoolwerk/9amo_04/vendor/laravel/framework/src/Illuminate/Foundation/Http/Kernel.php(178): Illuminate\\Foundation\\Http\\Kernel->terminateMiddleware(Object(Illuminate\\Http\\Request), Object(Illuminate\\Http\\Response))
#18 /Users/Esmeralda/Desktop/Schoolwerk/9amo_04/public/index.php(60): Illuminate\\Foundation\\Http\\Kernel->terminate(Object(Illuminate\\Http\\Request), Object(Illuminate\\Http\\Response))
#19 /Users/Esmeralda/Desktop/Schoolwerk/9amo_04/server.php(21): require_once('/Users/Esmerald...')
#20 {main}
"} 
[2021-06-07 10:42:16] production.ERROR: No application encryption key has been specified. {"exception":"[object] (RuntimeException(code: 0): No application encryption key has been specified. at /Users/Esmeralda/Desktop/Schoolwerk/9amo_04/vendor/laravel/framework/src/Illuminate/Encryption/EncryptionServiceProvider.php:80)
[stacktrace]
#0 /Users/Esmeralda/Desktop/Schoolwerk/9amo_04/vendor/laravel/framework/src/Illuminate/Support/helpers.php(433): Illuminate\\Encryption\\EncryptionServiceProvider->Illuminate\\Encryption\\{closure}(NULL)
#1 /Users/Esmeralda/Desktop/Schoolwerk/9amo_04/vendor/laravel/framework/src/Illuminate/Encryption/EncryptionServiceProvider.php(84): tap(NULL, Object(Closure))
#2 /Users/Esmeralda/Desktop/Schoolwerk/9amo_04/vendor/laravel/framework/src/Illuminate/Encryption/EncryptionServiceProvider.php(61): Illuminate\\Encryption\\EncryptionServiceProvider->key(Array)
#3 /Users/Esmeralda/Desktop/Schoolwerk/9amo_04/vendor/laravel/framework/src/Illuminate/Encryption/EncryptionServiceProvider.php(33): Illuminate\\Encryption\\EncryptionServiceProvider->parseKey(Array)
#4 /Users/Esmeralda/Desktop/Schoolwerk/9amo_04/vendor/laravel/framework/src/Illuminate/Container/Container.php(805): Illuminate\\Encryption\\EncryptionServiceProvider->Illuminate\\Encryption\\{closure}(Object(Illuminate\\Foundation\\Application), Array)
#5 /Users/Esmeralda/Desktop/Schoolwerk/9amo_04/vendor/laravel/framework/src/Illuminate/Container/Container.php(691): Illuminate\\Container\\Container->build(Object(Closure))
#6 /Users/Esmeralda/Desktop/Schoolwerk/9amo_04/vendor/laravel/framework/src/Illuminate/Foundation/Application.php(796): Illuminate\\Container\\Container->resolve('encrypter', Array, true)
#7 /Users/Esmeralda/Desktop/Schoolwerk/9amo_04/vendor/laravel/framework/src/Illuminate/Container/Container.php(637): Illuminate\\Foundation\\Application->resolve('encrypter', Array)
#8 /Users/Esmeralda/Desktop/Schoolwerk/9amo_04/vendor/laravel/framework/src/Illuminate/Foundation/Application.php(781): Illuminate\\Container\\Container->make('encrypter', Array)
#9 /Users/Esmeralda/Desktop/Schoolwerk/9amo_04/vendor/laravel/framework/src/Illuminate/Container/Container.php(959): Illuminate\\Foundation\\Application->make('encrypter')
#10 /Users/Esmeralda/Desktop/Schoolwerk/9amo_04/vendor/laravel/framework/src/Illuminate/Container/Container.php(879): Illuminate\\Container\\Container->resolveClass(Object(ReflectionParameter))
#11 /Users/Esmeralda/Desktop/Schoolwerk/9amo_04/vendor/laravel/framework/src/Illuminate/Container/Container.php(840): Illuminate\\Container\\Container->resolveDependencies(Array)
#12 /Users/Esmeralda/Desktop/Schoolwerk/9amo_04/vendor/laravel/framework/src/Illuminate/Container/Container.php(691): Illuminate\\Container\\Container->build('App\\\\Http\\\\Middle...')
#13 /Users/Esmeralda/Desktop/Schoolwerk/9amo_04/vendor/laravel/framework/src/Illuminate/Foundation/Application.php(796): Illuminate\\Container\\Container->resolve('App\\\\Http\\\\Middle...', Array, true)
#14 /Users/Esmeralda/Desktop/Schoolwerk/9amo_04/vendor/laravel/framework/src/Illuminate/Container/Container.php(637): Illuminate\\Foundation\\Application->resolve('App\\\\Http\\\\Middle...', Array)
#15 /Users/Esmeralda/Desktop/Schoolwerk/9amo_04/vendor/laravel/framework/src/Illuminate/Foundation/Application.php(781): Illuminate\\Container\\Container->make('App\\\\Http\\\\Middle...', Array)
#16 /Users/Esmeralda/Desktop/Schoolwerk/9amo_04/vendor/laravel/framework/src/Illuminate/Pipeline/Pipeline.php(156): Illuminate\\Foundation\\Application->make('App\\\\Http\\\\Middle...')
#17 /Users/Esmeralda/Desktop/Schoolwerk/9amo_04/vendor/laravel/framework/src/Illuminate/Pipeline/Pipeline.php(103): Illuminate\\Pipeline\\Pipeline->Illuminate\\Pipeline\\{closure}(Object(Illuminate\\Http\\Request))
#18 /Users/Esmeralda/Desktop/Schoolwerk/9amo_04/vendor/laravel/framework/src/Illuminate/Routing/Router.php(687): Illuminate\\Pipeline\\Pipeline->then(Object(Closure))
#19 /Users/Esmeralda/Desktop/Schoolwerk/9amo_04/vendor/laravel/framework/src/Illuminate/Routing/Router.php(662): Illuminate\\Routing\\Router->runRouteWithinStack(Object(Illuminate\\Routing\\Route), Object(Illuminate\\Http\\Request))
#20 /Users/Esmeralda/Desktop/Schoolwerk/9amo_04/vendor/laravel/framework/src/Illuminate/Routing/Router.php(628): Illuminate\\Routing\\Router->runRoute(Object(Illuminate\\Http\\Request), Object(Illuminate\\Routing\\Route))
#21 /Users/Esmeralda/Desktop/Schoolwerk/9amo_04/vendor/laravel/framework/src/Illuminate/Routing/Router.php(617): Illuminate\\Routing\\Router->dispatchToRoute(Object(Illuminate\\Http\\Request))
#22 /Users/Esmeralda/Desktop/Schoolwerk/9amo_04/vendor/laravel/framework/src/Illuminate/Foundation/Http/Kernel.php(165): Illuminate\\Routing\\Router->dispatch(Object(Illuminate\\Http\\Request))
#23 /Users/Esmeralda/Desktop/Schoolwerk/9amo_04/vendor/laravel/framework/src/Illuminate/Pipeline/Pipeline.php(128): Illuminate\\Foundation\\Http\\Kernel->Illuminate\\Foundation\\Http\\{closure}(Object(Illuminate\\Http\\Request))
#24 /Users/Esmeralda/Desktop/Schoolwerk/9amo_04/vendor/laravel/framework/src/Illuminate/Foundation/Http/Middleware/TransformsRequest.php(21): Illuminate\\Pipeline\\Pipeline->Illuminate\\Pipeline\\{closure}(Object(Illuminate\\Http\\Request))
#25 /Users/Esmeralda/Desktop/Schoolwerk/9amo_04/vendor/laravel/framework/src/Illuminate/Pipeline/Pipeline.php(167): Illuminate\\Foundation\\Http\\Middleware\\TransformsRequest->handle(Object(Illuminate\\Http\\Request), Object(Closure))
#26 /Users/Esmeralda/Desktop/Schoolwerk/9amo_04/vendor/laravel/framework/src/Illuminate/Foundation/Http/Middleware/TransformsRequest.php(21): Illuminate\\Pipeline\\Pipeline->Illuminate\\Pipeline\\{closure}(Object(Illuminate\\Http\\Request))
#27 /Users/Esmeralda/Desktop/Schoolwerk/9amo_04/vendor/laravel/framework/src/Illuminate/Pipeline/Pipeline.php(167): Illuminate\\Foundation\\Http\\Middleware\\TransformsRequest->handle(Object(Illuminate\\Http\\Request), Object(Closure))
#28 /Users/Esmeralda/Desktop/Schoolwerk/9amo_04/vendor/laravel/framework/src/Illuminate/Foundation/Http/Middleware/ValidatePostSize.php(27): Illuminate\\Pipeline\\Pipeline->Illuminate\\Pipeline\\{closure}(Object(Illuminate\\Http\\Request))
#29 /Users/Esmeralda/Desktop/Schoolwerk/9amo_04/vendor/laravel/framework/src/Illuminate/Pipeline/Pipeline.php(167): Illuminate\\Foundation\\Http\\Middleware\\ValidatePostSize->handle(Object(Illuminate\\Http\\Request), Object(Closure))
#30 /Users/Esmeralda/Desktop/Schoolwerk/9amo_04/vendor/laravel/framework/src/Illuminate/Foundation/Http/Middleware/CheckForMaintenanceMode.php(63): Illuminate\\Pipeline\\Pipeline->Illuminate\\Pipeline\\{closure}(Object(Illuminate\\Http\\Request))
#31 /Users/Esmeralda/Desktop/Schoolwerk/9amo_04/vendor/laravel/framework/src/Illuminate/Pipeline/Pipeline.php(167): Illuminate\\Foundation\\Http\\Middleware\\CheckForMaintenanceMode->handle(Object(Illuminate\\Http\\Request), Object(Closure))
#32 /Users/Esmeralda/Desktop/Schoolwerk/9amo_04/vendor/fruitcake/laravel-cors/src/HandleCors.php(38): Illuminate\\Pipeline\\Pipeline->Illuminate\\Pipeline\\{closure}(Object(Illuminate\\Http\\Request))
#33 /Users/Esmeralda/Desktop/Schoolwerk/9amo_04/vendor/laravel/framework/src/Illuminate/Pipeline/Pipeline.php(167): Fruitcake\\Cors\\HandleCors->handle(Object(Illuminate\\Http\\Request), Object(Closure))
#34 /Users/Esmeralda/Desktop/Schoolwerk/9amo_04/vendor/fideloper/proxy/src/TrustProxies.php(57): Illuminate\\Pipeline\\Pipeline->Illuminate\\Pipeline\\{closure}(Object(Illuminate\\Http\\Request))
#35 /Users/Esmeralda/Desktop/Schoolwerk/9amo_04/vendor/laravel/framework/src/Illuminate/Pipeline/Pipeline.php(167): Fideloper\\Proxy\\TrustProxies->handle(Object(Illuminate\\Http\\Request), Object(Closure))
#36 /Users/Esmeralda/Desktop/Schoolwerk/9amo_04/vendor/laravel/framework/src/Illuminate/Pipeline/Pipeline.php(103): Illuminate\\Pipeline\\Pipeline->Illuminate\\Pipeline\\{closure}(Object(Illuminate\\Http\\Request))
#37 /Users/Esmeralda/Desktop/Schoolwerk/9amo_04/vendor/laravel/framework/src/Illuminate/Foundation/Http/Kernel.php(140): Illuminate\\Pipeline\\Pipeline->then(Object(Closure))
#38 /Users/Esmeralda/Desktop/Schoolwerk/9amo_04/vendor/laravel/framework/src/Illuminate/Foundation/Http/Kernel.php(109): Illuminate\\Foundation\\Http\\Kernel->sendRequestThroughRouter(Object(Illuminate\\Http\\Request))
#39 /Users/Esmeralda/Desktop/Schoolwerk/9amo_04/public/index.php(55): Illuminate\\Foundation\\Http\\Kernel->handle(Object(Illuminate\\Http\\Request))
#40 /Users/Esmeralda/Desktop/Schoolwerk/9amo_04/server.php(21): require_once('/Users/Esmerald...')
#41 {main}
"} 
[2021-06-07 10:42:16] production.ERROR: No application encryption key has been specified. {"exception":"[object] (RuntimeException(code: 0): No application encryption key has been specified. at /Users/Esmeralda/Desktop/Schoolwerk/9amo_04/vendor/laravel/framework/src/Illuminate/Encryption/EncryptionServiceProvider.php:80)
[stacktrace]
#0 /Users/Esmeralda/Desktop/Schoolwerk/9amo_04/vendor/laravel/framework/src/Illuminate/Support/helpers.php(433): Illuminate\\Encryption\\EncryptionServiceProvider->Illuminate\\Encryption\\{closure}(NULL)
#1 /Users/Esmeralda/Desktop/Schoolwerk/9amo_04/vendor/laravel/framework/src/Illuminate/Encryption/EncryptionServiceProvider.php(84): tap(NULL, Object(Closure))
#2 /Users/Esmeralda/Desktop/Schoolwerk/9amo_04/vendor/laravel/framework/src/Illuminate/Encryption/EncryptionServiceProvider.php(61): Illuminate\\Encryption\\EncryptionServiceProvider->key(Array)
#3 /Users/Esmeralda/Desktop/Schoolwerk/9amo_04/vendor/laravel/framework/src/Illuminate/Encryption/EncryptionServiceProvider.php(33): Illuminate\\Encryption\\EncryptionServiceProvider->parseKey(Array)
#4 /Users/Esmeralda/Desktop/Schoolwerk/9amo_04/vendor/laravel/framework/src/Illuminate/Container/Container.php(805): Illuminate\\Encryption\\EncryptionServiceProvider->Illuminate\\Encryption\\{closure}(Object(Illuminate\\Foundation\\Application), Array)
#5 /Users/Esmeralda/Desktop/Schoolwerk/9amo_04/vendor/laravel/framework/src/Illuminate/Container/Container.php(691): Illuminate\\Container\\Container->build(Object(Closure))
#6 /Users/Esmeralda/Desktop/Schoolwerk/9amo_04/vendor/laravel/framework/src/Illuminate/Foundation/Application.php(796): Illuminate\\Container\\Container->resolve('encrypter', Array, true)
#7 /Users/Esmeralda/Desktop/Schoolwerk/9amo_04/vendor/laravel/framework/src/Illuminate/Container/Container.php(637): Illuminate\\Foundation\\Application->resolve('encrypter', Array)
#8 /Users/Esmeralda/Desktop/Schoolwerk/9amo_04/vendor/laravel/framework/src/Illuminate/Foundation/Application.php(781): Illuminate\\Container\\Container->make('encrypter', Array)
#9 /Users/Esmeralda/Desktop/Schoolwerk/9amo_04/vendor/laravel/framework/src/Illuminate/Container/Container.php(959): Illuminate\\Foundation\\Application->make('encrypter')
#10 /Users/Esmeralda/Desktop/Schoolwerk/9amo_04/vendor/laravel/framework/src/Illuminate/Container/Container.php(879): Illuminate\\Container\\Container->resolveClass(Object(ReflectionParameter))
#11 /Users/Esmeralda/Desktop/Schoolwerk/9amo_04/vendor/laravel/framework/src/Illuminate/Container/Container.php(840): Illuminate\\Container\\Container->resolveDependencies(Array)
#12 /Users/Esmeralda/Desktop/Schoolwerk/9amo_04/vendor/laravel/framework/src/Illuminate/Container/Container.php(691): Illuminate\\Container\\Container->build('App\\\\Http\\\\Middle...')
#13 /Users/Esmeralda/Desktop/Schoolwerk/9amo_04/vendor/laravel/framework/src/Illuminate/Foundation/Application.php(796): Illuminate\\Container\\Container->resolve('App\\\\Http\\\\Middle...', Array, true)
#14 /Users/Esmeralda/Desktop/Schoolwerk/9amo_04/vendor/laravel/framework/src/Illuminate/Container/Container.php(637): Illuminate\\Foundation\\Application->resolve('App\\\\Http\\\\Middle...', Array)
#15 /Users/Esmeralda/Desktop/Schoolwerk/9amo_04/vendor/laravel/framework/src/Illuminate/Foundation/Application.php(781): Illuminate\\Container\\Container->make('App\\\\Http\\\\Middle...', Array)
#16 /Users/Esmeralda/Desktop/Schoolwerk/9amo_04/vendor/laravel/framework/src/Illuminate/Foundation/Http/Kernel.php(204): Illuminate\\Foundation\\Application->make('App\\\\Http\\\\Middle...')
#17 /Users/Esmeralda/Desktop/Schoolwerk/9amo_04/vendor/laravel/framework/src/Illuminate/Foundation/Http/Kernel.php(178): Illuminate\\Foundation\\Http\\Kernel->terminateMiddleware(Object(Illuminate\\Http\\Request), Object(Illuminate\\Http\\Response))
#18 /Users/Esmeralda/Desktop/Schoolwerk/9amo_04/public/index.php(60): Illuminate\\Foundation\\Http\\Kernel->terminate(Object(Illuminate\\Http\\Request), Object(Illuminate\\Http\\Response))
#19 /Users/Esmeralda/Desktop/Schoolwerk/9amo_04/server.php(21): require_once('/Users/Esmerald...')
#20 {main}
"} 
[2021-06-07 10:42:19] production.ERROR: No application encryption key has been specified. {"exception":"[object] (RuntimeException(code: 0): No application encryption key has been specified. at /Users/Esmeralda/Desktop/Schoolwerk/9amo_04/vendor/laravel/framework/src/Illuminate/Encryption/EncryptionServiceProvider.php:80)
[stacktrace]
#0 /Users/Esmeralda/Desktop/Schoolwerk/9amo_04/vendor/laravel/framework/src/Illuminate/Support/helpers.php(433): Illuminate\\Encryption\\EncryptionServiceProvider->Illuminate\\Encryption\\{closure}(NULL)
#1 /Users/Esmeralda/Desktop/Schoolwerk/9amo_04/vendor/laravel/framework/src/Illuminate/Encryption/EncryptionServiceProvider.php(84): tap(NULL, Object(Closure))
#2 /Users/Esmeralda/Desktop/Schoolwerk/9amo_04/vendor/laravel/framework/src/Illuminate/Encryption/EncryptionServiceProvider.php(61): Illuminate\\Encryption\\EncryptionServiceProvider->key(Array)
#3 /Users/Esmeralda/Desktop/Schoolwerk/9amo_04/vendor/laravel/framework/src/Illuminate/Encryption/EncryptionServiceProvider.php(33): Illuminate\\Encryption\\EncryptionServiceProvider->parseKey(Array)
#4 /Users/Esmeralda/Desktop/Schoolwerk/9amo_04/vendor/laravel/framework/src/Illuminate/Container/Container.php(805): Illuminate\\Encryption\\EncryptionServiceProvider->Illuminate\\Encryption\\{closure}(Object(Illuminate\\Foundation\\Application), Array)
#5 /Users/Esmeralda/Desktop/Schoolwerk/9amo_04/vendor/laravel/framework/src/Illuminate/Container/Container.php(691): Illuminate\\Container\\Container->build(Object(Closure))
#6 /Users/Esmeralda/Desktop/Schoolwerk/9amo_04/vendor/laravel/framework/src/Illuminate/Foundation/Application.php(796): Illuminate\\Container\\Container->resolve('encrypter', Array, true)
#7 /Users/Esmeralda/Desktop/Schoolwerk/9amo_04/vendor/laravel/framework/src/Illuminate/Container/Container.php(637): Illuminate\\Foundation\\Application->resolve('encrypter', Array)
#8 /Users/Esmeralda/Desktop/Schoolwerk/9amo_04/vendor/laravel/framework/src/Illuminate/Foundation/Application.php(781): Illuminate\\Container\\Container->make('encrypter', Array)
#9 /Users/Esmeralda/Desktop/Schoolwerk/9amo_04/vendor/laravel/framework/src/Illuminate/Container/Container.php(959): Illuminate\\Foundation\\Application->make('encrypter')
#10 /Users/Esmeralda/Desktop/Schoolwerk/9amo_04/vendor/laravel/framework/src/Illuminate/Container/Container.php(879): Illuminate\\Container\\Container->resolveClass(Object(ReflectionParameter))
#11 /Users/Esmeralda/Desktop/Schoolwerk/9amo_04/vendor/laravel/framework/src/Illuminate/Container/Container.php(840): Illuminate\\Container\\Container->resolveDependencies(Array)
#12 /Users/Esmeralda/Desktop/Schoolwerk/9amo_04/vendor/laravel/framework/src/Illuminate/Container/Container.php(691): Illuminate\\Container\\Container->build('App\\\\Http\\\\Middle...')
#13 /Users/Esmeralda/Desktop/Schoolwerk/9amo_04/vendor/laravel/framework/src/Illuminate/Foundation/Application.php(796): Illuminate\\Container\\Container->resolve('App\\\\Http\\\\Middle...', Array, true)
#14 /Users/Esmeralda/Desktop/Schoolwerk/9amo_04/vendor/laravel/framework/src/Illuminate/Container/Container.php(637): Illuminate\\Foundation\\Application->resolve('App\\\\Http\\\\Middle...', Array)
#15 /Users/Esmeralda/Desktop/Schoolwerk/9amo_04/vendor/laravel/framework/src/Illuminate/Foundation/Application.php(781): Illuminate\\Container\\Container->make('App\\\\Http\\\\Middle...', Array)
#16 /Users/Esmeralda/Desktop/Schoolwerk/9amo_04/vendor/laravel/framework/src/Illuminate/Pipeline/Pipeline.php(156): Illuminate\\Foundation\\Application->make('App\\\\Http\\\\Middle...')
#17 /Users/Esmeralda/Desktop/Schoolwerk/9amo_04/vendor/laravel/framework/src/Illuminate/Pipeline/Pipeline.php(103): Illuminate\\Pipeline\\Pipeline->Illuminate\\Pipeline\\{closure}(Object(Illuminate\\Http\\Request))
#18 /Users/Esmeralda/Desktop/Schoolwerk/9amo_04/vendor/laravel/framework/src/Illuminate/Routing/Router.php(687): Illuminate\\Pipeline\\Pipeline->then(Object(Closure))
#19 /Users/Esmeralda/Desktop/Schoolwerk/9amo_04/vendor/laravel/framework/src/Illuminate/Routing/Router.php(662): Illuminate\\Routing\\Router->runRouteWithinStack(Object(Illuminate\\Routing\\Route), Object(Illuminate\\Http\\Request))
#20 /Users/Esmeralda/Desktop/Schoolwerk/9amo_04/vendor/laravel/framework/src/Illuminate/Routing/Router.php(628): Illuminate\\Routing\\Router->runRoute(Object(Illuminate\\Http\\Request), Object(Illuminate\\Routing\\Route))
#21 /Users/Esmeralda/Desktop/Schoolwerk/9amo_04/vendor/laravel/framework/src/Illuminate/Routing/Router.php(617): Illuminate\\Routing\\Router->dispatchToRoute(Object(Illuminate\\Http\\Request))
#22 /Users/Esmeralda/Desktop/Schoolwerk/9amo_04/vendor/laravel/framework/src/Illuminate/Foundation/Http/Kernel.php(165): Illuminate\\Routing\\Router->dispatch(Object(Illuminate\\Http\\Request))
#23 /Users/Esmeralda/Desktop/Schoolwerk/9amo_04/vendor/laravel/framework/src/Illuminate/Pipeline/Pipeline.php(128): Illuminate\\Foundation\\Http\\Kernel->Illuminate\\Foundation\\Http\\{closure}(Object(Illuminate\\Http\\Request))
#24 /Users/Esmeralda/Desktop/Schoolwerk/9amo_04/vendor/laravel/framework/src/Illuminate/Foundation/Http/Middleware/TransformsRequest.php(21): Illuminate\\Pipeline\\Pipeline->Illuminate\\Pipeline\\{closure}(Object(Illuminate\\Http\\Request))
#25 /Users/Esmeralda/Desktop/Schoolwerk/9amo_04/vendor/laravel/framework/src/Illuminate/Pipeline/Pipeline.php(167): Illuminate\\Foundation\\Http\\Middleware\\TransformsRequest->handle(Object(Illuminate\\Http\\Request), Object(Closure))
#26 /Users/Esmeralda/Desktop/Schoolwerk/9amo_04/vendor/laravel/framework/src/Illuminate/Foundation/Http/Middleware/TransformsRequest.php(21): Illuminate\\Pipeline\\Pipeline->Illuminate\\Pipeline\\{closure}(Object(Illuminate\\Http\\Request))
#27 /Users/Esmeralda/Desktop/Schoolwerk/9amo_04/vendor/laravel/framework/src/Illuminate/Pipeline/Pipeline.php(167): Illuminate\\Foundation\\Http\\Middleware\\TransformsRequest->handle(Object(Illuminate\\Http\\Request), Object(Closure))
#28 /Users/Esmeralda/Desktop/Schoolwerk/9amo_04/vendor/laravel/framework/src/Illuminate/Foundation/Http/Middleware/ValidatePostSize.php(27): Illuminate\\Pipeline\\Pipeline->Illuminate\\Pipeline\\{closure}(Object(Illuminate\\Http\\Request))
#29 /Users/Esmeralda/Desktop/Schoolwerk/9amo_04/vendor/laravel/framework/src/Illuminate/Pipeline/Pipeline.php(167): Illuminate\\Foundation\\Http\\Middleware\\ValidatePostSize->handle(Object(Illuminate\\Http\\Request), Object(Closure))
#30 /Users/Esmeralda/Desktop/Schoolwerk/9amo_04/vendor/laravel/framework/src/Illuminate/Foundation/Http/Middleware/CheckForMaintenanceMode.php(63): Illuminate\\Pipeline\\Pipeline->Illuminate\\Pipeline\\{closure}(Object(Illuminate\\Http\\Request))
#31 /Users/Esmeralda/Desktop/Schoolwerk/9amo_04/vendor/laravel/framework/src/Illuminate/Pipeline/Pipeline.php(167): Illuminate\\Foundation\\Http\\Middleware\\CheckForMaintenanceMode->handle(Object(Illuminate\\Http\\Request), Object(Closure))
#32 /Users/Esmeralda/Desktop/Schoolwerk/9amo_04/vendor/fruitcake/laravel-cors/src/HandleCors.php(38): Illuminate\\Pipeline\\Pipeline->Illuminate\\Pipeline\\{closure}(Object(Illuminate\\Http\\Request))
#33 /Users/Esmeralda/Desktop/Schoolwerk/9amo_04/vendor/laravel/framework/src/Illuminate/Pipeline/Pipeline.php(167): Fruitcake\\Cors\\HandleCors->handle(Object(Illuminate\\Http\\Request), Object(Closure))
#34 /Users/Esmeralda/Desktop/Schoolwerk/9amo_04/vendor/fideloper/proxy/src/TrustProxies.php(57): Illuminate\\Pipeline\\Pipeline->Illuminate\\Pipeline\\{closure}(Object(Illuminate\\Http\\Request))
#35 /Users/Esmeralda/Desktop/Schoolwerk/9amo_04/vendor/laravel/framework/src/Illuminate/Pipeline/Pipeline.php(167): Fideloper\\Proxy\\TrustProxies->handle(Object(Illuminate\\Http\\Request), Object(Closure))
#36 /Users/Esmeralda/Desktop/Schoolwerk/9amo_04/vendor/laravel/framework/src/Illuminate/Pipeline/Pipeline.php(103): Illuminate\\Pipeline\\Pipeline->Illuminate\\Pipeline\\{closure}(Object(Illuminate\\Http\\Request))
#37 /Users/Esmeralda/Desktop/Schoolwerk/9amo_04/vendor/laravel/framework/src/Illuminate/Foundation/Http/Kernel.php(140): Illuminate\\Pipeline\\Pipeline->then(Object(Closure))
#38 /Users/Esmeralda/Desktop/Schoolwerk/9amo_04/vendor/laravel/framework/src/Illuminate/Foundation/Http/Kernel.php(109): Illuminate\\Foundation\\Http\\Kernel->sendRequestThroughRouter(Object(Illuminate\\Http\\Request))
#39 /Users/Esmeralda/Desktop/Schoolwerk/9amo_04/public/index.php(55): Illuminate\\Foundation\\Http\\Kernel->handle(Object(Illuminate\\Http\\Request))
#40 /Users/Esmeralda/Desktop/Schoolwerk/9amo_04/server.php(21): require_once('/Users/Esmerald...')
#41 {main}
"} 
[2021-06-07 10:42:19] production.ERROR: No application encryption key has been specified. {"exception":"[object] (RuntimeException(code: 0): No application encryption key has been specified. at /Users/Esmeralda/Desktop/Schoolwerk/9amo_04/vendor/laravel/framework/src/Illuminate/Encryption/EncryptionServiceProvider.php:80)
[stacktrace]
#0 /Users/Esmeralda/Desktop/Schoolwerk/9amo_04/vendor/laravel/framework/src/Illuminate/Support/helpers.php(433): Illuminate\\Encryption\\EncryptionServiceProvider->Illuminate\\Encryption\\{closure}(NULL)
#1 /Users/Esmeralda/Desktop/Schoolwerk/9amo_04/vendor/laravel/framework/src/Illuminate/Encryption/EncryptionServiceProvider.php(84): tap(NULL, Object(Closure))
#2 /Users/Esmeralda/Desktop/Schoolwerk/9amo_04/vendor/laravel/framework/src/Illuminate/Encryption/EncryptionServiceProvider.php(61): Illuminate\\Encryption\\EncryptionServiceProvider->key(Array)
#3 /Users/Esmeralda/Desktop/Schoolwerk/9amo_04/vendor/laravel/framework/src/Illuminate/Encryption/EncryptionServiceProvider.php(33): Illuminate\\Encryption\\EncryptionServiceProvider->parseKey(Array)
#4 /Users/Esmeralda/Desktop/Schoolwerk/9amo_04/vendor/laravel/framework/src/Illuminate/Container/Container.php(805): Illuminate\\Encryption\\EncryptionServiceProvider->Illuminate\\Encryption\\{closure}(Object(Illuminate\\Foundation\\Application), Array)
#5 /Users/Esmeralda/Desktop/Schoolwerk/9amo_04/vendor/laravel/framework/src/Illuminate/Container/Container.php(691): Illuminate\\Container\\Container->build(Object(Closure))
#6 /Users/Esmeralda/Desktop/Schoolwerk/9amo_04/vendor/laravel/framework/src/Illuminate/Foundation/Application.php(796): Illuminate\\Container\\Container->resolve('encrypter', Array, true)
#7 /Users/Esmeralda/Desktop/Schoolwerk/9amo_04/vendor/laravel/framework/src/Illuminate/Container/Container.php(637): Illuminate\\Foundation\\Application->resolve('encrypter', Array)
#8 /Users/Esmeralda/Desktop/Schoolwerk/9amo_04/vendor/laravel/framework/src/Illuminate/Foundation/Application.php(781): Illuminate\\Container\\Container->make('encrypter', Array)
#9 /Users/Esmeralda/Desktop/Schoolwerk/9amo_04/vendor/laravel/framework/src/Illuminate/Container/Container.php(959): Illuminate\\Foundation\\Application->make('encrypter')
#10 /Users/Esmeralda/Desktop/Schoolwerk/9amo_04/vendor/laravel/framework/src/Illuminate/Container/Container.php(879): Illuminate\\Container\\Container->resolveClass(Object(ReflectionParameter))
#11 /Users/Esmeralda/Desktop/Schoolwerk/9amo_04/vendor/laravel/framework/src/Illuminate/Container/Container.php(840): Illuminate\\Container\\Container->resolveDependencies(Array)
#12 /Users/Esmeralda/Desktop/Schoolwerk/9amo_04/vendor/laravel/framework/src/Illuminate/Container/Container.php(691): Illuminate\\Container\\Container->build('App\\\\Http\\\\Middle...')
#13 /Users/Esmeralda/Desktop/Schoolwerk/9amo_04/vendor/laravel/framework/src/Illuminate/Foundation/Application.php(796): Illuminate\\Container\\Container->resolve('App\\\\Http\\\\Middle...', Array, true)
#14 /Users/Esmeralda/Desktop/Schoolwerk/9amo_04/vendor/laravel/framework/src/Illuminate/Container/Container.php(637): Illuminate\\Foundation\\Application->resolve('App\\\\Http\\\\Middle...', Array)
#15 /Users/Esmeralda/Desktop/Schoolwerk/9amo_04/vendor/laravel/framework/src/Illuminate/Foundation/Application.php(781): Illuminate\\Container\\Container->make('App\\\\Http\\\\Middle...', Array)
#16 /Users/Esmeralda/Desktop/Schoolwerk/9amo_04/vendor/laravel/framework/src/Illuminate/Foundation/Http/Kernel.php(204): Illuminate\\Foundation\\Application->make('App\\\\Http\\\\Middle...')
#17 /Users/Esmeralda/Desktop/Schoolwerk/9amo_04/vendor/laravel/framework/src/Illuminate/Foundation/Http/Kernel.php(178): Illuminate\\Foundation\\Http\\Kernel->terminateMiddleware(Object(Illuminate\\Http\\Request), Object(Illuminate\\Http\\Response))
#18 /Users/Esmeralda/Desktop/Schoolwerk/9amo_04/public/index.php(60): Illuminate\\Foundation\\Http\\Kernel->terminate(Object(Illuminate\\Http\\Request), Object(Illuminate\\Http\\Response))
#19 /Users/Esmeralda/Desktop/Schoolwerk/9amo_04/server.php(21): require_once('/Users/Esmerald...')
#20 {main}
"} 
[2021-06-07 10:43:12] production.ERROR: file_get_contents(/Users/Esmeralda/Desktop/Schoolwerk/9amo_04/.env): failed to open stream: No such file or directory {"exception":"[object] (ErrorException(code: 0): file_get_contents(/Users/Esmeralda/Desktop/Schoolwerk/9amo_04/.env): failed to open stream: No such file or directory at /Users/Esmeralda/Desktop/Schoolwerk/9amo_04/vendor/laravel/framework/src/Illuminate/Foundation/Console/KeyGenerateCommand.php:96)
[stacktrace]
#0 [internal function]: Illuminate\\Foundation\\Bootstrap\\HandleExceptions->handleError(2, 'file_get_conten...', '/Users/Esmerald...', 96, Array)
#1 /Users/Esmeralda/Desktop/Schoolwerk/9amo_04/vendor/laravel/framework/src/Illuminate/Foundation/Console/KeyGenerateCommand.php(96): file_get_contents('/Users/Esmerald...')
#2 /Users/Esmeralda/Desktop/Schoolwerk/9amo_04/vendor/laravel/framework/src/Illuminate/Foundation/Console/KeyGenerateCommand.php(80): Illuminate\\Foundation\\Console\\KeyGenerateCommand->writeNewEnvironmentFileWith('base64:IJAJ8x75...')
#3 /Users/Esmeralda/Desktop/Schoolwerk/9amo_04/vendor/laravel/framework/src/Illuminate/Foundation/Console/KeyGenerateCommand.php(45): Illuminate\\Foundation\\Console\\KeyGenerateCommand->setKeyInEnvironmentFile('base64:IJAJ8x75...')
#4 /Users/Esmeralda/Desktop/Schoolwerk/9amo_04/vendor/laravel/framework/src/Illuminate/Container/BoundMethod.php(36): Illuminate\\Foundation\\Console\\KeyGenerateCommand->handle()
#5 /Users/Esmeralda/Desktop/Schoolwerk/9amo_04/vendor/laravel/framework/src/Illuminate/Container/Util.php(37): Illuminate\\Container\\BoundMethod::Illuminate\\Container\\{closure}()
#6 /Users/Esmeralda/Desktop/Schoolwerk/9amo_04/vendor/laravel/framework/src/Illuminate/Container/BoundMethod.php(93): Illuminate\\Container\\Util::unwrapIfClosure(Object(Closure))
#7 /Users/Esmeralda/Desktop/Schoolwerk/9amo_04/vendor/laravel/framework/src/Illuminate/Container/BoundMethod.php(37): Illuminate\\Container\\BoundMethod::callBoundMethod(Object(Illuminate\\Foundation\\Application), Array, Object(Closure))
#8 /Users/Esmeralda/Desktop/Schoolwerk/9amo_04/vendor/laravel/framework/src/Illuminate/Container/Container.php(596): Illuminate\\Container\\BoundMethod::call(Object(Illuminate\\Foundation\\Application), Array, Array, NULL)
#9 /Users/Esmeralda/Desktop/Schoolwerk/9amo_04/vendor/laravel/framework/src/Illuminate/Console/Command.php(134): Illuminate\\Container\\Container->call(Array)
#10 /Users/Esmeralda/Desktop/Schoolwerk/9amo_04/vendor/symfony/console/Command/Command.php(256): Illuminate\\Console\\Command->execute(Object(Symfony\\Component\\Console\\Input\\ArgvInput), Object(Illuminate\\Console\\OutputStyle))
#11 /Users/Esmeralda/Desktop/Schoolwerk/9amo_04/vendor/laravel/framework/src/Illuminate/Console/Command.php(121): Symfony\\Component\\Console\\Command\\Command->run(Object(Symfony\\Component\\Console\\Input\\ArgvInput), Object(Illuminate\\Console\\OutputStyle))
#12 /Users/Esmeralda/Desktop/Schoolwerk/9amo_04/vendor/symfony/console/Application.php(971): Illuminate\\Console\\Command->run(Object(Symfony\\Component\\Console\\Input\\ArgvInput), Object(Symfony\\Component\\Console\\Output\\ConsoleOutput))
#13 /Users/Esmeralda/Desktop/Schoolwerk/9amo_04/vendor/symfony/console/Application.php(290): Symfony\\Component\\Console\\Application->doRunCommand(Object(Illuminate\\Foundation\\Console\\KeyGenerateCommand), Object(Symfony\\Component\\Console\\Input\\ArgvInput), Object(Symfony\\Component\\Console\\Output\\ConsoleOutput))
#14 /Users/Esmeralda/Desktop/Schoolwerk/9amo_04/vendor/symfony/console/Application.php(166): Symfony\\Component\\Console\\Application->doRun(Object(Symfony\\Component\\Console\\Input\\ArgvInput), Object(Symfony\\Component\\Console\\Output\\ConsoleOutput))
#15 /Users/Esmeralda/Desktop/Schoolwerk/9amo_04/vendor/laravel/framework/src/Illuminate/Console/Application.php(93): Symfony\\Component\\Console\\Application->run(Object(Symfony\\Component\\Console\\Input\\ArgvInput), Object(Symfony\\Component\\Console\\Output\\ConsoleOutput))
#16 /Users/Esmeralda/Desktop/Schoolwerk/9amo_04/vendor/laravel/framework/src/Illuminate/Foundation/Console/Kernel.php(129): Illuminate\\Console\\Application->run(Object(Symfony\\Component\\Console\\Input\\ArgvInput), Object(Symfony\\Component\\Console\\Output\\ConsoleOutput))
#17 /Users/Esmeralda/Desktop/Schoolwerk/9amo_04/artisan(37): Illuminate\\Foundation\\Console\\Kernel->handle(Object(Symfony\\Component\\Console\\Input\\ArgvInput), Object(Symfony\\Component\\Console\\Output\\ConsoleOutput))
#18 {main}
"} 
[2021-06-07 10:43:20] production.ERROR: No application encryption key has been specified. {"exception":"[object] (RuntimeException(code: 0): No application encryption key has been specified. at /Users/Esmeralda/Desktop/Schoolwerk/9amo_04/vendor/laravel/framework/src/Illuminate/Encryption/EncryptionServiceProvider.php:80)
[stacktrace]
#0 /Users/Esmeralda/Desktop/Schoolwerk/9amo_04/vendor/laravel/framework/src/Illuminate/Support/helpers.php(433): Illuminate\\Encryption\\EncryptionServiceProvider->Illuminate\\Encryption\\{closure}(NULL)
#1 /Users/Esmeralda/Desktop/Schoolwerk/9amo_04/vendor/laravel/framework/src/Illuminate/Encryption/EncryptionServiceProvider.php(84): tap(NULL, Object(Closure))
#2 /Users/Esmeralda/Desktop/Schoolwerk/9amo_04/vendor/laravel/framework/src/Illuminate/Encryption/EncryptionServiceProvider.php(61): Illuminate\\Encryption\\EncryptionServiceProvider->key(Array)
#3 /Users/Esmeralda/Desktop/Schoolwerk/9amo_04/vendor/laravel/framework/src/Illuminate/Encryption/EncryptionServiceProvider.php(33): Illuminate\\Encryption\\EncryptionServiceProvider->parseKey(Array)
#4 /Users/Esmeralda/Desktop/Schoolwerk/9amo_04/vendor/laravel/framework/src/Illuminate/Container/Container.php(805): Illuminate\\Encryption\\EncryptionServiceProvider->Illuminate\\Encryption\\{closure}(Object(Illuminate\\Foundation\\Application), Array)
#5 /Users/Esmeralda/Desktop/Schoolwerk/9amo_04/vendor/laravel/framework/src/Illuminate/Container/Container.php(691): Illuminate\\Container\\Container->build(Object(Closure))
#6 /Users/Esmeralda/Desktop/Schoolwerk/9amo_04/vendor/laravel/framework/src/Illuminate/Foundation/Application.php(796): Illuminate\\Container\\Container->resolve('encrypter', Array, true)
#7 /Users/Esmeralda/Desktop/Schoolwerk/9amo_04/vendor/laravel/framework/src/Illuminate/Container/Container.php(637): Illuminate\\Foundation\\Application->resolve('encrypter', Array)
#8 /Users/Esmeralda/Desktop/Schoolwerk/9amo_04/vendor/laravel/framework/src/Illuminate/Foundation/Application.php(781): Illuminate\\Container\\Container->make('encrypter', Array)
#9 /Users/Esmeralda/Desktop/Schoolwerk/9amo_04/vendor/laravel/framework/src/Illuminate/Container/Container.php(959): Illuminate\\Foundation\\Application->make('encrypter')
#10 /Users/Esmeralda/Desktop/Schoolwerk/9amo_04/vendor/laravel/framework/src/Illuminate/Container/Container.php(879): Illuminate\\Container\\Container->resolveClass(Object(ReflectionParameter))
#11 /Users/Esmeralda/Desktop/Schoolwerk/9amo_04/vendor/laravel/framework/src/Illuminate/Container/Container.php(840): Illuminate\\Container\\Container->resolveDependencies(Array)
#12 /Users/Esmeralda/Desktop/Schoolwerk/9amo_04/vendor/laravel/framework/src/Illuminate/Container/Container.php(691): Illuminate\\Container\\Container->build('App\\\\Http\\\\Middle...')
#13 /Users/Esmeralda/Desktop/Schoolwerk/9amo_04/vendor/laravel/framework/src/Illuminate/Foundation/Application.php(796): Illuminate\\Container\\Container->resolve('App\\\\Http\\\\Middle...', Array, true)
#14 /Users/Esmeralda/Desktop/Schoolwerk/9amo_04/vendor/laravel/framework/src/Illuminate/Container/Container.php(637): Illuminate\\Foundation\\Application->resolve('App\\\\Http\\\\Middle...', Array)
#15 /Users/Esmeralda/Desktop/Schoolwerk/9amo_04/vendor/laravel/framework/src/Illuminate/Foundation/Application.php(781): Illuminate\\Container\\Container->make('App\\\\Http\\\\Middle...', Array)
#16 /Users/Esmeralda/Desktop/Schoolwerk/9amo_04/vendor/laravel/framework/src/Illuminate/Pipeline/Pipeline.php(156): Illuminate\\Foundation\\Application->make('App\\\\Http\\\\Middle...')
#17 /Users/Esmeralda/Desktop/Schoolwerk/9amo_04/vendor/laravel/framework/src/Illuminate/Pipeline/Pipeline.php(103): Illuminate\\Pipeline\\Pipeline->Illuminate\\Pipeline\\{closure}(Object(Illuminate\\Http\\Request))
#18 /Users/Esmeralda/Desktop/Schoolwerk/9amo_04/vendor/laravel/framework/src/Illuminate/Routing/Router.php(687): Illuminate\\Pipeline\\Pipeline->then(Object(Closure))
#19 /Users/Esmeralda/Desktop/Schoolwerk/9amo_04/vendor/laravel/framework/src/Illuminate/Routing/Router.php(662): Illuminate\\Routing\\Router->runRouteWithinStack(Object(Illuminate\\Routing\\Route), Object(Illuminate\\Http\\Request))
#20 /Users/Esmeralda/Desktop/Schoolwerk/9amo_04/vendor/laravel/framework/src/Illuminate/Routing/Router.php(628): Illuminate\\Routing\\Router->runRoute(Object(Illuminate\\Http\\Request), Object(Illuminate\\Routing\\Route))
#21 /Users/Esmeralda/Desktop/Schoolwerk/9amo_04/vendor/laravel/framework/src/Illuminate/Routing/Router.php(617): Illuminate\\Routing\\Router->dispatchToRoute(Object(Illuminate\\Http\\Request))
#22 /Users/Esmeralda/Desktop/Schoolwerk/9amo_04/vendor/laravel/framework/src/Illuminate/Foundation/Http/Kernel.php(165): Illuminate\\Routing\\Router->dispatch(Object(Illuminate\\Http\\Request))
#23 /Users/Esmeralda/Desktop/Schoolwerk/9amo_04/vendor/laravel/framework/src/Illuminate/Pipeline/Pipeline.php(128): Illuminate\\Foundation\\Http\\Kernel->Illuminate\\Foundation\\Http\\{closure}(Object(Illuminate\\Http\\Request))
#24 /Users/Esmeralda/Desktop/Schoolwerk/9amo_04/vendor/laravel/framework/src/Illuminate/Foundation/Http/Middleware/TransformsRequest.php(21): Illuminate\\Pipeline\\Pipeline->Illuminate\\Pipeline\\{closure}(Object(Illuminate\\Http\\Request))
#25 /Users/Esmeralda/Desktop/Schoolwerk/9amo_04/vendor/laravel/framework/src/Illuminate/Pipeline/Pipeline.php(167): Illuminate\\Foundation\\Http\\Middleware\\TransformsRequest->handle(Object(Illuminate\\Http\\Request), Object(Closure))
#26 /Users/Esmeralda/Desktop/Schoolwerk/9amo_04/vendor/laravel/framework/src/Illuminate/Foundation/Http/Middleware/TransformsRequest.php(21): Illuminate\\Pipeline\\Pipeline->Illuminate\\Pipeline\\{closure}(Object(Illuminate\\Http\\Request))
#27 /Users/Esmeralda/Desktop/Schoolwerk/9amo_04/vendor/laravel/framework/src/Illuminate/Pipeline/Pipeline.php(167): Illuminate\\Foundation\\Http\\Middleware\\TransformsRequest->handle(Object(Illuminate\\Http\\Request), Object(Closure))
#28 /Users/Esmeralda/Desktop/Schoolwerk/9amo_04/vendor/laravel/framework/src/Illuminate/Foundation/Http/Middleware/ValidatePostSize.php(27): Illuminate\\Pipeline\\Pipeline->Illuminate\\Pipeline\\{closure}(Object(Illuminate\\Http\\Request))
#29 /Users/Esmeralda/Desktop/Schoolwerk/9amo_04/vendor/laravel/framework/src/Illuminate/Pipeline/Pipeline.php(167): Illuminate\\Foundation\\Http\\Middleware\\ValidatePostSize->handle(Object(Illuminate\\Http\\Request), Object(Closure))
#30 /Users/Esmeralda/Desktop/Schoolwerk/9amo_04/vendor/laravel/framework/src/Illuminate/Foundation/Http/Middleware/CheckForMaintenanceMode.php(63): Illuminate\\Pipeline\\Pipeline->Illuminate\\Pipeline\\{closure}(Object(Illuminate\\Http\\Request))
#31 /Users/Esmeralda/Desktop/Schoolwerk/9amo_04/vendor/laravel/framework/src/Illuminate/Pipeline/Pipeline.php(167): Illuminate\\Foundation\\Http\\Middleware\\CheckForMaintenanceMode->handle(Object(Illuminate\\Http\\Request), Object(Closure))
#32 /Users/Esmeralda/Desktop/Schoolwerk/9amo_04/vendor/fruitcake/laravel-cors/src/HandleCors.php(38): Illuminate\\Pipeline\\Pipeline->Illuminate\\Pipeline\\{closure}(Object(Illuminate\\Http\\Request))
#33 /Users/Esmeralda/Desktop/Schoolwerk/9amo_04/vendor/laravel/framework/src/Illuminate/Pipeline/Pipeline.php(167): Fruitcake\\Cors\\HandleCors->handle(Object(Illuminate\\Http\\Request), Object(Closure))
#34 /Users/Esmeralda/Desktop/Schoolwerk/9amo_04/vendor/fideloper/proxy/src/TrustProxies.php(57): Illuminate\\Pipeline\\Pipeline->Illuminate\\Pipeline\\{closure}(Object(Illuminate\\Http\\Request))
#35 /Users/Esmeralda/Desktop/Schoolwerk/9amo_04/vendor/laravel/framework/src/Illuminate/Pipeline/Pipeline.php(167): Fideloper\\Proxy\\TrustProxies->handle(Object(Illuminate\\Http\\Request), Object(Closure))
#36 /Users/Esmeralda/Desktop/Schoolwerk/9amo_04/vendor/laravel/framework/src/Illuminate/Pipeline/Pipeline.php(103): Illuminate\\Pipeline\\Pipeline->Illuminate\\Pipeline\\{closure}(Object(Illuminate\\Http\\Request))
#37 /Users/Esmeralda/Desktop/Schoolwerk/9amo_04/vendor/laravel/framework/src/Illuminate/Foundation/Http/Kernel.php(140): Illuminate\\Pipeline\\Pipeline->then(Object(Closure))
#38 /Users/Esmeralda/Desktop/Schoolwerk/9amo_04/vendor/laravel/framework/src/Illuminate/Foundation/Http/Kernel.php(109): Illuminate\\Foundation\\Http\\Kernel->sendRequestThroughRouter(Object(Illuminate\\Http\\Request))
#39 /Users/Esmeralda/Desktop/Schoolwerk/9amo_04/public/index.php(55): Illuminate\\Foundation\\Http\\Kernel->handle(Object(Illuminate\\Http\\Request))
#40 /Users/Esmeralda/Desktop/Schoolwerk/9amo_04/server.php(21): require_once('/Users/Esmerald...')
#41 {main}
"} 
[2021-06-07 10:43:20] production.ERROR: No application encryption key has been specified. {"exception":"[object] (RuntimeException(code: 0): No application encryption key has been specified. at /Users/Esmeralda/Desktop/Schoolwerk/9amo_04/vendor/laravel/framework/src/Illuminate/Encryption/EncryptionServiceProvider.php:80)
[stacktrace]
#0 /Users/Esmeralda/Desktop/Schoolwerk/9amo_04/vendor/laravel/framework/src/Illuminate/Support/helpers.php(433): Illuminate\\Encryption\\EncryptionServiceProvider->Illuminate\\Encryption\\{closure}(NULL)
#1 /Users/Esmeralda/Desktop/Schoolwerk/9amo_04/vendor/laravel/framework/src/Illuminate/Encryption/EncryptionServiceProvider.php(84): tap(NULL, Object(Closure))
#2 /Users/Esmeralda/Desktop/Schoolwerk/9amo_04/vendor/laravel/framework/src/Illuminate/Encryption/EncryptionServiceProvider.php(61): Illuminate\\Encryption\\EncryptionServiceProvider->key(Array)
#3 /Users/Esmeralda/Desktop/Schoolwerk/9amo_04/vendor/laravel/framework/src/Illuminate/Encryption/EncryptionServiceProvider.php(33): Illuminate\\Encryption\\EncryptionServiceProvider->parseKey(Array)
#4 /Users/Esmeralda/Desktop/Schoolwerk/9amo_04/vendor/laravel/framework/src/Illuminate/Container/Container.php(805): Illuminate\\Encryption\\EncryptionServiceProvider->Illuminate\\Encryption\\{closure}(Object(Illuminate\\Foundation\\Application), Array)
#5 /Users/Esmeralda/Desktop/Schoolwerk/9amo_04/vendor/laravel/framework/src/Illuminate/Container/Container.php(691): Illuminate\\Container\\Container->build(Object(Closure))
#6 /Users/Esmeralda/Desktop/Schoolwerk/9amo_04/vendor/laravel/framework/src/Illuminate/Foundation/Application.php(796): Illuminate\\Container\\Container->resolve('encrypter', Array, true)
#7 /Users/Esmeralda/Desktop/Schoolwerk/9amo_04/vendor/laravel/framework/src/Illuminate/Container/Container.php(637): Illuminate\\Foundation\\Application->resolve('encrypter', Array)
#8 /Users/Esmeralda/Desktop/Schoolwerk/9amo_04/vendor/laravel/framework/src/Illuminate/Foundation/Application.php(781): Illuminate\\Container\\Container->make('encrypter', Array)
#9 /Users/Esmeralda/Desktop/Schoolwerk/9amo_04/vendor/laravel/framework/src/Illuminate/Container/Container.php(959): Illuminate\\Foundation\\Application->make('encrypter')
#10 /Users/Esmeralda/Desktop/Schoolwerk/9amo_04/vendor/laravel/framework/src/Illuminate/Container/Container.php(879): Illuminate\\Container\\Container->resolveClass(Object(ReflectionParameter))
#11 /Users/Esmeralda/Desktop/Schoolwerk/9amo_04/vendor/laravel/framework/src/Illuminate/Container/Container.php(840): Illuminate\\Container\\Container->resolveDependencies(Array)
#12 /Users/Esmeralda/Desktop/Schoolwerk/9amo_04/vendor/laravel/framework/src/Illuminate/Container/Container.php(691): Illuminate\\Container\\Container->build('App\\\\Http\\\\Middle...')
#13 /Users/Esmeralda/Desktop/Schoolwerk/9amo_04/vendor/laravel/framework/src/Illuminate/Foundation/Application.php(796): Illuminate\\Container\\Container->resolve('App\\\\Http\\\\Middle...', Array, true)
#14 /Users/Esmeralda/Desktop/Schoolwerk/9amo_04/vendor/laravel/framework/src/Illuminate/Container/Container.php(637): Illuminate\\Foundation\\Application->resolve('App\\\\Http\\\\Middle...', Array)
#15 /Users/Esmeralda/Desktop/Schoolwerk/9amo_04/vendor/laravel/framework/src/Illuminate/Foundation/Application.php(781): Illuminate\\Container\\Container->make('App\\\\Http\\\\Middle...', Array)
#16 /Users/Esmeralda/Desktop/Schoolwerk/9amo_04/vendor/laravel/framework/src/Illuminate/Foundation/Http/Kernel.php(204): Illuminate\\Foundation\\Application->make('App\\\\Http\\\\Middle...')
#17 /Users/Esmeralda/Desktop/Schoolwerk/9amo_04/vendor/laravel/framework/src/Illuminate/Foundation/Http/Kernel.php(178): Illuminate\\Foundation\\Http\\Kernel->terminateMiddleware(Object(Illuminate\\Http\\Request), Object(Illuminate\\Http\\Response))
#18 /Users/Esmeralda/Desktop/Schoolwerk/9amo_04/public/index.php(60): Illuminate\\Foundation\\Http\\Kernel->terminate(Object(Illuminate\\Http\\Request), Object(Illuminate\\Http\\Response))
#19 /Users/Esmeralda/Desktop/Schoolwerk/9amo_04/server.php(21): require_once('/Users/Esmerald...')
#20 {main}
"} 
[2021-06-07 10:43:22] production.ERROR: No application encryption key has been specified. {"exception":"[object] (RuntimeException(code: 0): No application encryption key has been specified. at /Users/Esmeralda/Desktop/Schoolwerk/9amo_04/vendor/laravel/framework/src/Illuminate/Encryption/EncryptionServiceProvider.php:80)
[stacktrace]
#0 /Users/Esmeralda/Desktop/Schoolwerk/9amo_04/vendor/laravel/framework/src/Illuminate/Support/helpers.php(433): Illuminate\\Encryption\\EncryptionServiceProvider->Illuminate\\Encryption\\{closure}(NULL)
#1 /Users/Esmeralda/Desktop/Schoolwerk/9amo_04/vendor/laravel/framework/src/Illuminate/Encryption/EncryptionServiceProvider.php(84): tap(NULL, Object(Closure))
#2 /Users/Esmeralda/Desktop/Schoolwerk/9amo_04/vendor/laravel/framework/src/Illuminate/Encryption/EncryptionServiceProvider.php(61): Illuminate\\Encryption\\EncryptionServiceProvider->key(Array)
#3 /Users/Esmeralda/Desktop/Schoolwerk/9amo_04/vendor/laravel/framework/src/Illuminate/Encryption/EncryptionServiceProvider.php(33): Illuminate\\Encryption\\EncryptionServiceProvider->parseKey(Array)
#4 /Users/Esmeralda/Desktop/Schoolwerk/9amo_04/vendor/laravel/framework/src/Illuminate/Container/Container.php(805): Illuminate\\Encryption\\EncryptionServiceProvider->Illuminate\\Encryption\\{closure}(Object(Illuminate\\Foundation\\Application), Array)
#5 /Users/Esmeralda/Desktop/Schoolwerk/9amo_04/vendor/laravel/framework/src/Illuminate/Container/Container.php(691): Illuminate\\Container\\Container->build(Object(Closure))
#6 /Users/Esmeralda/Desktop/Schoolwerk/9amo_04/vendor/laravel/framework/src/Illuminate/Foundation/Application.php(796): Illuminate\\Container\\Container->resolve('encrypter', Array, true)
#7 /Users/Esmeralda/Desktop/Schoolwerk/9amo_04/vendor/laravel/framework/src/Illuminate/Container/Container.php(637): Illuminate\\Foundation\\Application->resolve('encrypter', Array)
#8 /Users/Esmeralda/Desktop/Schoolwerk/9amo_04/vendor/laravel/framework/src/Illuminate/Foundation/Application.php(781): Illuminate\\Container\\Container->make('encrypter', Array)
#9 /Users/Esmeralda/Desktop/Schoolwerk/9amo_04/vendor/laravel/framework/src/Illuminate/Container/Container.php(959): Illuminate\\Foundation\\Application->make('encrypter')
#10 /Users/Esmeralda/Desktop/Schoolwerk/9amo_04/vendor/laravel/framework/src/Illuminate/Container/Container.php(879): Illuminate\\Container\\Container->resolveClass(Object(ReflectionParameter))
#11 /Users/Esmeralda/Desktop/Schoolwerk/9amo_04/vendor/laravel/framework/src/Illuminate/Container/Container.php(840): Illuminate\\Container\\Container->resolveDependencies(Array)
#12 /Users/Esmeralda/Desktop/Schoolwerk/9amo_04/vendor/laravel/framework/src/Illuminate/Container/Container.php(691): Illuminate\\Container\\Container->build('App\\\\Http\\\\Middle...')
#13 /Users/Esmeralda/Desktop/Schoolwerk/9amo_04/vendor/laravel/framework/src/Illuminate/Foundation/Application.php(796): Illuminate\\Container\\Container->resolve('App\\\\Http\\\\Middle...', Array, true)
#14 /Users/Esmeralda/Desktop/Schoolwerk/9amo_04/vendor/laravel/framework/src/Illuminate/Container/Container.php(637): Illuminate\\Foundation\\Application->resolve('App\\\\Http\\\\Middle...', Array)
#15 /Users/Esmeralda/Desktop/Schoolwerk/9amo_04/vendor/laravel/framework/src/Illuminate/Foundation/Application.php(781): Illuminate\\Container\\Container->make('App\\\\Http\\\\Middle...', Array)
#16 /Users/Esmeralda/Desktop/Schoolwerk/9amo_04/vendor/laravel/framework/src/Illuminate/Pipeline/Pipeline.php(156): Illuminate\\Foundation\\Application->make('App\\\\Http\\\\Middle...')
#17 /Users/Esmeralda/Desktop/Schoolwerk/9amo_04/vendor/laravel/framework/src/Illuminate/Pipeline/Pipeline.php(103): Illuminate\\Pipeline\\Pipeline->Illuminate\\Pipeline\\{closure}(Object(Illuminate\\Http\\Request))
#18 /Users/Esmeralda/Desktop/Schoolwerk/9amo_04/vendor/laravel/framework/src/Illuminate/Routing/Router.php(687): Illuminate\\Pipeline\\Pipeline->then(Object(Closure))
#19 /Users/Esmeralda/Desktop/Schoolwerk/9amo_04/vendor/laravel/framework/src/Illuminate/Routing/Router.php(662): Illuminate\\Routing\\Router->runRouteWithinStack(Object(Illuminate\\Routing\\Route), Object(Illuminate\\Http\\Request))
#20 /Users/Esmeralda/Desktop/Schoolwerk/9amo_04/vendor/laravel/framework/src/Illuminate/Routing/Router.php(628): Illuminate\\Routing\\Router->runRoute(Object(Illuminate\\Http\\Request), Object(Illuminate\\Routing\\Route))
#21 /Users/Esmeralda/Desktop/Schoolwerk/9amo_04/vendor/laravel/framework/src/Illuminate/Routing/Router.php(617): Illuminate\\Routing\\Router->dispatchToRoute(Object(Illuminate\\Http\\Request))
#22 /Users/Esmeralda/Desktop/Schoolwerk/9amo_04/vendor/laravel/framework/src/Illuminate/Foundation/Http/Kernel.php(165): Illuminate\\Routing\\Router->dispatch(Object(Illuminate\\Http\\Request))
#23 /Users/Esmeralda/Desktop/Schoolwerk/9amo_04/vendor/laravel/framework/src/Illuminate/Pipeline/Pipeline.php(128): Illuminate\\Foundation\\Http\\Kernel->Illuminate\\Foundation\\Http\\{closure}(Object(Illuminate\\Http\\Request))
#24 /Users/Esmeralda/Desktop/Schoolwerk/9amo_04/vendor/laravel/framework/src/Illuminate/Foundation/Http/Middleware/TransformsRequest.php(21): Illuminate\\Pipeline\\Pipeline->Illuminate\\Pipeline\\{closure}(Object(Illuminate\\Http\\Request))
#25 /Users/Esmeralda/Desktop/Schoolwerk/9amo_04/vendor/laravel/framework/src/Illuminate/Pipeline/Pipeline.php(167): Illuminate\\Foundation\\Http\\Middleware\\TransformsRequest->handle(Object(Illuminate\\Http\\Request), Object(Closure))
#26 /Users/Esmeralda/Desktop/Schoolwerk/9amo_04/vendor/laravel/framework/src/Illuminate/Foundation/Http/Middleware/TransformsRequest.php(21): Illuminate\\Pipeline\\Pipeline->Illuminate\\Pipeline\\{closure}(Object(Illuminate\\Http\\Request))
#27 /Users/Esmeralda/Desktop/Schoolwerk/9amo_04/vendor/laravel/framework/src/Illuminate/Pipeline/Pipeline.php(167): Illuminate\\Foundation\\Http\\Middleware\\TransformsRequest->handle(Object(Illuminate\\Http\\Request), Object(Closure))
#28 /Users/Esmeralda/Desktop/Schoolwerk/9amo_04/vendor/laravel/framework/src/Illuminate/Foundation/Http/Middleware/ValidatePostSize.php(27): Illuminate\\Pipeline\\Pipeline->Illuminate\\Pipeline\\{closure}(Object(Illuminate\\Http\\Request))
#29 /Users/Esmeralda/Desktop/Schoolwerk/9amo_04/vendor/laravel/framework/src/Illuminate/Pipeline/Pipeline.php(167): Illuminate\\Foundation\\Http\\Middleware\\ValidatePostSize->handle(Object(Illuminate\\Http\\Request), Object(Closure))
#30 /Users/Esmeralda/Desktop/Schoolwerk/9amo_04/vendor/laravel/framework/src/Illuminate/Foundation/Http/Middleware/CheckForMaintenanceMode.php(63): Illuminate\\Pipeline\\Pipeline->Illuminate\\Pipeline\\{closure}(Object(Illuminate\\Http\\Request))
#31 /Users/Esmeralda/Desktop/Schoolwerk/9amo_04/vendor/laravel/framework/src/Illuminate/Pipeline/Pipeline.php(167): Illuminate\\Foundation\\Http\\Middleware\\CheckForMaintenanceMode->handle(Object(Illuminate\\Http\\Request), Object(Closure))
#32 /Users/Esmeralda/Desktop/Schoolwerk/9amo_04/vendor/fruitcake/laravel-cors/src/HandleCors.php(38): Illuminate\\Pipeline\\Pipeline->Illuminate\\Pipeline\\{closure}(Object(Illuminate\\Http\\Request))
#33 /Users/Esmeralda/Desktop/Schoolwerk/9amo_04/vendor/laravel/framework/src/Illuminate/Pipeline/Pipeline.php(167): Fruitcake\\Cors\\HandleCors->handle(Object(Illuminate\\Http\\Request), Object(Closure))
#34 /Users/Esmeralda/Desktop/Schoolwerk/9amo_04/vendor/fideloper/proxy/src/TrustProxies.php(57): Illuminate\\Pipeline\\Pipeline->Illuminate\\Pipeline\\{closure}(Object(Illuminate\\Http\\Request))
#35 /Users/Esmeralda/Desktop/Schoolwerk/9amo_04/vendor/laravel/framework/src/Illuminate/Pipeline/Pipeline.php(167): Fideloper\\Proxy\\TrustProxies->handle(Object(Illuminate\\Http\\Request), Object(Closure))
#36 /Users/Esmeralda/Desktop/Schoolwerk/9amo_04/vendor/laravel/framework/src/Illuminate/Pipeline/Pipeline.php(103): Illuminate\\Pipeline\\Pipeline->Illuminate\\Pipeline\\{closure}(Object(Illuminate\\Http\\Request))
#37 /Users/Esmeralda/Desktop/Schoolwerk/9amo_04/vendor/laravel/framework/src/Illuminate/Foundation/Http/Kernel.php(140): Illuminate\\Pipeline\\Pipeline->then(Object(Closure))
#38 /Users/Esmeralda/Desktop/Schoolwerk/9amo_04/vendor/laravel/framework/src/Illuminate/Foundation/Http/Kernel.php(109): Illuminate\\Foundation\\Http\\Kernel->sendRequestThroughRouter(Object(Illuminate\\Http\\Request))
#39 /Users/Esmeralda/Desktop/Schoolwerk/9amo_04/public/index.php(55): Illuminate\\Foundation\\Http\\Kernel->handle(Object(Illuminate\\Http\\Request))
#40 /Users/Esmeralda/Desktop/Schoolwerk/9amo_04/server.php(21): require_once('/Users/Esmerald...')
#41 {main}
"} 
[2021-06-07 10:43:23] production.ERROR: No application encryption key has been specified. {"exception":"[object] (RuntimeException(code: 0): No application encryption key has been specified. at /Users/Esmeralda/Desktop/Schoolwerk/9amo_04/vendor/laravel/framework/src/Illuminate/Encryption/EncryptionServiceProvider.php:80)
[stacktrace]
#0 /Users/Esmeralda/Desktop/Schoolwerk/9amo_04/vendor/laravel/framework/src/Illuminate/Support/helpers.php(433): Illuminate\\Encryption\\EncryptionServiceProvider->Illuminate\\Encryption\\{closure}(NULL)
#1 /Users/Esmeralda/Desktop/Schoolwerk/9amo_04/vendor/laravel/framework/src/Illuminate/Encryption/EncryptionServiceProvider.php(84): tap(NULL, Object(Closure))
#2 /Users/Esmeralda/Desktop/Schoolwerk/9amo_04/vendor/laravel/framework/src/Illuminate/Encryption/EncryptionServiceProvider.php(61): Illuminate\\Encryption\\EncryptionServiceProvider->key(Array)
#3 /Users/Esmeralda/Desktop/Schoolwerk/9amo_04/vendor/laravel/framework/src/Illuminate/Encryption/EncryptionServiceProvider.php(33): Illuminate\\Encryption\\EncryptionServiceProvider->parseKey(Array)
#4 /Users/Esmeralda/Desktop/Schoolwerk/9amo_04/vendor/laravel/framework/src/Illuminate/Container/Container.php(805): Illuminate\\Encryption\\EncryptionServiceProvider->Illuminate\\Encryption\\{closure}(Object(Illuminate\\Foundation\\Application), Array)
#5 /Users/Esmeralda/Desktop/Schoolwerk/9amo_04/vendor/laravel/framework/src/Illuminate/Container/Container.php(691): Illuminate\\Container\\Container->build(Object(Closure))
#6 /Users/Esmeralda/Desktop/Schoolwerk/9amo_04/vendor/laravel/framework/src/Illuminate/Foundation/Application.php(796): Illuminate\\Container\\Container->resolve('encrypter', Array, true)
#7 /Users/Esmeralda/Desktop/Schoolwerk/9amo_04/vendor/laravel/framework/src/Illuminate/Container/Container.php(637): Illuminate\\Foundation\\Application->resolve('encrypter', Array)
#8 /Users/Esmeralda/Desktop/Schoolwerk/9amo_04/vendor/laravel/framework/src/Illuminate/Foundation/Application.php(781): Illuminate\\Container\\Container->make('encrypter', Array)
#9 /Users/Esmeralda/Desktop/Schoolwerk/9amo_04/vendor/laravel/framework/src/Illuminate/Container/Container.php(959): Illuminate\\Foundation\\Application->make('encrypter')
#10 /Users/Esmeralda/Desktop/Schoolwerk/9amo_04/vendor/laravel/framework/src/Illuminate/Container/Container.php(879): Illuminate\\Container\\Container->resolveClass(Object(ReflectionParameter))
#11 /Users/Esmeralda/Desktop/Schoolwerk/9amo_04/vendor/laravel/framework/src/Illuminate/Container/Container.php(840): Illuminate\\Container\\Container->resolveDependencies(Array)
#12 /Users/Esmeralda/Desktop/Schoolwerk/9amo_04/vendor/laravel/framework/src/Illuminate/Container/Container.php(691): Illuminate\\Container\\Container->build('App\\\\Http\\\\Middle...')
#13 /Users/Esmeralda/Desktop/Schoolwerk/9amo_04/vendor/laravel/framework/src/Illuminate/Foundation/Application.php(796): Illuminate\\Container\\Container->resolve('App\\\\Http\\\\Middle...', Array, true)
#14 /Users/Esmeralda/Desktop/Schoolwerk/9amo_04/vendor/laravel/framework/src/Illuminate/Container/Container.php(637): Illuminate\\Foundation\\Application->resolve('App\\\\Http\\\\Middle...', Array)
#15 /Users/Esmeralda/Desktop/Schoolwerk/9amo_04/vendor/laravel/framework/src/Illuminate/Foundation/Application.php(781): Illuminate\\Container\\Container->make('App\\\\Http\\\\Middle...', Array)
#16 /Users/Esmeralda/Desktop/Schoolwerk/9amo_04/vendor/laravel/framework/src/Illuminate/Foundation/Http/Kernel.php(204): Illuminate\\Foundation\\Application->make('App\\\\Http\\\\Middle...')
#17 /Users/Esmeralda/Desktop/Schoolwerk/9amo_04/vendor/laravel/framework/src/Illuminate/Foundation/Http/Kernel.php(178): Illuminate\\Foundation\\Http\\Kernel->terminateMiddleware(Object(Illuminate\\Http\\Request), Object(Illuminate\\Http\\Response))
#18 /Users/Esmeralda/Desktop/Schoolwerk/9amo_04/public/index.php(60): Illuminate\\Foundation\\Http\\Kernel->terminate(Object(Illuminate\\Http\\Request), Object(Illuminate\\Http\\Response))
#19 /Users/Esmeralda/Desktop/Schoolwerk/9amo_04/server.php(21): require_once('/Users/Esmerald...')
#20 {main}
"} 
